TpTrace Verbose: 0 : 24720, 1, 2024/11/04, 12:22:25.516, 6769489670662, vstest.console.dll, Version: 17.11.0-release-24352-05 Current process architecture: X64
TpTrace Verbose: 0 : 24720, 1, 2024/11/04, 12:22:25.518, 6769489695659, vstest.console.dll, Runtime location: C:\Program Files\dotnet\shared\Microsoft.NETCore.App\8.0.8
TpTrace Verbose: 0 : 24720, 1, 2024/11/04, 12:22:25.521, 6769489722160, vstest.console.dll, ArtifactProcessingPostProcessModeProcessorExecutor.Initialize: ArtifactProcessingMode.Collect
TpTrace Verbose: 0 : 24720, 1, 2024/11/04, 12:22:25.521, 6769489723599, vstest.console.dll, TestSessionCorrelationIdProcessorModeProcessorExecutor.Initialize: TestSessionCorrelationId '28408_20165021-5934-4e67-add2-db065e775e9f'
TpTrace Information: 0 : 24720, 1, 2024/11/04, 12:22:25.535, 6769489864742, vstest.console.dll, FilePatternParser: The given file C:\Users\karol\Desktop\KTU\4 kursas\pacmen\TestProject\bin\Debug\net8.0\fine-code-coverage\build-output\TestProject.dll is a full path.
TpTrace Verbose: 0 : 24720, 1, 2024/11/04, 12:22:25.541, 6769489919468, vstest.console.dll, TestPluginCache.DiscoverTestExtensions: finding test extensions in assemblies ends with: RuntimeProvider.dll TPluginInfo: Microsoft.VisualStudio.TestPlatform.Common.ExtensionFramework.Utilities.TestRuntimePluginInformation TExtension: Microsoft.VisualStudio.TestPlatform.ObjectModel.Host.ITestRuntimeProvider
TpTrace Verbose: 0 : 24720, 1, 2024/11/04, 12:22:25.541, 6769489922482, vstest.console.dll, TestPluginCache.GetExtensionPaths: Filtered extension paths: 
TpTrace Verbose: 0 : 24720, 1, 2024/11/04, 12:22:25.541, 6769489923095, vstest.console.dll, TestPluginCache.GetExtensionPaths: Added default extension paths: C:\Program Files\dotnet\sdk\8.0.400\Extensions\Microsoft.Diagnostics.NETCore.Client.dll
C:\Program Files\dotnet\sdk\8.0.400\Extensions\Microsoft.TestPlatform.Extensions.BlameDataCollector.dll
C:\Program Files\dotnet\sdk\8.0.400\Extensions\Microsoft.TestPlatform.Extensions.EventLogCollector.dll
C:\Program Files\dotnet\sdk\8.0.400\Extensions\Microsoft.TestPlatform.TestHostRuntimeProvider.dll
C:\Program Files\dotnet\sdk\8.0.400\Extensions\Microsoft.VisualStudio.TestPlatform.Extensions.Html.TestLogger.dll
C:\Program Files\dotnet\sdk\8.0.400\Extensions\Microsoft.VisualStudio.TestPlatform.Extensions.Trx.TestLogger.dll
TpTrace Verbose: 0 : 24720, 1, 2024/11/04, 12:22:25.541, 6769489923350, vstest.console.dll, TestPluginCache.GetExtensionPaths: Added unfilterableExtensionPaths: 
TpTrace Information: 0 : 24720, 1, 2024/11/04, 12:22:25.542, 6769489928141, vstest.console.dll, AssemblyResolver.ctor: Creating AssemblyResolver with searchDirectories C:\Program Files\dotnet\sdk\8.0.400\Extensions,C:\Program Files\dotnet\sdk\8.0.400
TpTrace Verbose: 0 : 24720, 1, 2024/11/04, 12:22:25.542, 6769489937574, vstest.console.dll, TestPluginCache.DiscoverTestExtensions: Discovering the extensions using extension path.
TpTrace Verbose: 0 : 24720, 1, 2024/11/04, 12:22:25.543, 6769489938992, vstest.console.dll, TestPluginCache.GetExtensionPaths: Filtered extension paths: 
TpTrace Verbose: 0 : 24720, 1, 2024/11/04, 12:22:25.543, 6769489939241, vstest.console.dll, TestPluginCache.GetExtensionPaths: Added default extension paths: C:\Program Files\dotnet\sdk\8.0.400\Extensions\Microsoft.Diagnostics.NETCore.Client.dll
C:\Program Files\dotnet\sdk\8.0.400\Extensions\Microsoft.TestPlatform.Extensions.BlameDataCollector.dll
C:\Program Files\dotnet\sdk\8.0.400\Extensions\Microsoft.TestPlatform.Extensions.EventLogCollector.dll
C:\Program Files\dotnet\sdk\8.0.400\Extensions\Microsoft.TestPlatform.TestHostRuntimeProvider.dll
C:\Program Files\dotnet\sdk\8.0.400\Extensions\Microsoft.VisualStudio.TestPlatform.Extensions.Html.TestLogger.dll
C:\Program Files\dotnet\sdk\8.0.400\Extensions\Microsoft.VisualStudio.TestPlatform.Extensions.Trx.TestLogger.dll
TpTrace Verbose: 0 : 24720, 1, 2024/11/04, 12:22:25.543, 6769489939455, vstest.console.dll, TestPluginCache.GetExtensionPaths: Added unfilterableExtensionPaths: 
TpTrace Verbose: 0 : 24720, 1, 2024/11/04, 12:22:25.543, 6769489939906, vstest.console.dll, TestPluginCache.DiscoverTestExtensions: Discovering the extensions using allExtensionPaths: C:\Program Files\dotnet\sdk\8.0.400\Extensions\Microsoft.Diagnostics.NETCore.Client.dll
C:\Program Files\dotnet\sdk\8.0.400\Extensions\Microsoft.TestPlatform.Extensions.BlameDataCollector.dll
C:\Program Files\dotnet\sdk\8.0.400\Extensions\Microsoft.TestPlatform.Extensions.EventLogCollector.dll
C:\Program Files\dotnet\sdk\8.0.400\Extensions\Microsoft.TestPlatform.TestHostRuntimeProvider.dll
C:\Program Files\dotnet\sdk\8.0.400\Extensions\Microsoft.VisualStudio.TestPlatform.Extensions.Html.TestLogger.dll
C:\Program Files\dotnet\sdk\8.0.400\Extensions\Microsoft.VisualStudio.TestPlatform.Extensions.Trx.TestLogger.dll
TpTrace Information: 0 : 24720, 1, 2024/11/04, 12:22:25.543, 6769489941187, vstest.console.dll, AssemblyResolver.AddSearchDirectories: Adding more searchDirectories C:\Program Files\dotnet\sdk\8.0.400\Extensions,C:\Program Files\dotnet\sdk\8.0.400
TpTrace Information: 0 : 24720, 1, 2024/11/04, 12:22:25.543, 6769489941595, vstest.console.dll, AssemblyResolver.AddSearchDirectories: Adding more searchDirectories C:\Program Files\dotnet\sdk\8.0.400\Extensions,C:\Program Files\dotnet\sdk\8.0.400
TpTrace Information: 0 : 24720, 1, 2024/11/04, 12:22:25.543, 6769489941795, vstest.console.dll, AssemblyResolver.AddSearchDirectories: Adding more searchDirectories C:\Program Files\dotnet\sdk\8.0.400\Extensions,C:\Program Files\dotnet\sdk\8.0.400
TpTrace Information: 0 : 24720, 1, 2024/11/04, 12:22:25.543, 6769489941996, vstest.console.dll, AssemblyResolver.AddSearchDirectories: Adding more searchDirectories C:\Program Files\dotnet\sdk\8.0.400\Extensions,C:\Program Files\dotnet\sdk\8.0.400
TpTrace Information: 0 : 24720, 1, 2024/11/04, 12:22:25.543, 6769489942168, vstest.console.dll, AssemblyResolver.AddSearchDirectories: Adding more searchDirectories C:\Program Files\dotnet\sdk\8.0.400\Extensions,C:\Program Files\dotnet\sdk\8.0.400
TpTrace Information: 0 : 24720, 1, 2024/11/04, 12:22:25.543, 6769489942337, vstest.console.dll, AssemblyResolver.AddSearchDirectories: Adding more searchDirectories C:\Program Files\dotnet\sdk\8.0.400\Extensions,C:\Program Files\dotnet\sdk\8.0.400
TpTrace Information: 0 : 24720, 1, 2024/11/04, 12:22:25.543, 6769489946250, vstest.console.dll, AssemblyResolver.OnResolve: Microsoft.Diagnostics.NETCore.Client: Resolving assembly.
TpTrace Information: 0 : 24720, 1, 2024/11/04, 12:22:25.543, 6769489947020, vstest.console.dll, AssemblyResolver.OnResolve: Microsoft.Diagnostics.NETCore.Client: Searching in: 'C:\Program Files\dotnet\sdk\8.0.400\Extensions'.
TpTrace Information: 0 : 24720, 1, 2024/11/04, 12:22:25.549, 6769490000678, vstest.console.dll, AssemblyResolver.OnResolve: Microsoft.Diagnostics.NETCore.Client: Loading assembly 'C:\Program Files\dotnet\sdk\8.0.400\Extensions\Microsoft.Diagnostics.NETCore.Client.dll'.
TpTrace Information: 0 : 24720, 1, 2024/11/04, 12:22:25.549, 6769490005639, vstest.console.dll, AssemblyResolver.OnResolve: Resolved assembly: Microsoft.Diagnostics.NETCore.Client, from path: C:\Program Files\dotnet\sdk\8.0.400\Extensions\Microsoft.Diagnostics.NETCore.Client.dll
TpTrace Verbose: 0 : 24720, 1, 2024/11/04, 12:22:25.553, 6769490040147, vstest.console.dll, MetadataReaderExtensionsHelper: Discovering extensions inside assembly 'Microsoft.Diagnostics.NETCore.Client, Version=0.2.10.30701, Culture=neutral, PublicKeyToken=31bf3856ad364e35' file path 'C:\Program Files\dotnet\sdk\8.0.400\Extensions\Microsoft.Diagnostics.NETCore.Client.dll'
TpTrace Information: 0 : 24720, 1, 2024/11/04, 12:22:25.556, 6769490071215, vstest.console.dll, AssemblyResolver.OnResolve: Microsoft.Bcl.AsyncInterfaces: Resolving assembly.
TpTrace Information: 0 : 24720, 1, 2024/11/04, 12:22:25.556, 6769490072395, vstest.console.dll, AssemblyResolver.OnResolve: Microsoft.Bcl.AsyncInterfaces: Searching in: 'C:\Program Files\dotnet\sdk\8.0.400\Extensions'.
TpTrace Information: 0 : 24720, 1, 2024/11/04, 12:22:25.556, 6769490073213, vstest.console.dll, AssemblyResolver.OnResolve: Microsoft.Bcl.AsyncInterfaces: Assembly path does not exist: 'C:\Program Files\dotnet\sdk\8.0.400\Extensions\Microsoft.Bcl.AsyncInterfaces.dll', returning.
TpTrace Information: 0 : 24720, 1, 2024/11/04, 12:22:25.556, 6769490074079, vstest.console.dll, AssemblyResolver.OnResolve: Microsoft.Bcl.AsyncInterfaces: Assembly path does not exist: 'C:\Program Files\dotnet\sdk\8.0.400\Extensions\Microsoft.Bcl.AsyncInterfaces.exe', returning.
TpTrace Information: 0 : 24720, 1, 2024/11/04, 12:22:25.556, 6769490074394, vstest.console.dll, AssemblyResolver.OnResolve: Microsoft.Bcl.AsyncInterfaces: Searching in: 'C:\Program Files\dotnet\sdk\8.0.400'.
TpTrace Information: 0 : 24720, 1, 2024/11/04, 12:22:25.556, 6769490074807, vstest.console.dll, AssemblyResolver.OnResolve: Microsoft.Bcl.AsyncInterfaces: Assembly path does not exist: 'C:\Program Files\dotnet\sdk\8.0.400\Microsoft.Bcl.AsyncInterfaces.dll', returning.
TpTrace Information: 0 : 24720, 1, 2024/11/04, 12:22:25.556, 6769490075160, vstest.console.dll, AssemblyResolver.OnResolve: Microsoft.Bcl.AsyncInterfaces: Assembly path does not exist: 'C:\Program Files\dotnet\sdk\8.0.400\Microsoft.Bcl.AsyncInterfaces.exe', returning.
TpTrace Information: 0 : 24720, 1, 2024/11/04, 12:22:25.556, 6769490075332, vstest.console.dll, AssemblyResolver.OnResolve: Microsoft.Bcl.AsyncInterfaces: Failed to load assembly.
TpTrace Verbose: 0 : 24720, 1, 2024/11/04, 12:22:25.556, 6769490075594, vstest.console.dll, CurrentDomainAssemblyResolve: Resolving assembly 'Microsoft.Bcl.AsyncInterfaces'.
TpTrace Information: 0 : 24720, 1, 2024/11/04, 12:22:25.556, 6769490076154, vstest.console.dll, AssemblyResolver.OnResolve: Microsoft.Bcl.AsyncInterfaces: Resolving assembly.
TpTrace Information: 0 : 24720, 1, 2024/11/04, 12:22:25.556, 6769490076439, vstest.console.dll, AssemblyResolver.OnResolve: Microsoft.Bcl.AsyncInterfaces: Resolved from cache.
TpTrace Verbose: 0 : 24720, 1, 2024/11/04, 12:22:25.556, 6769490076602, vstest.console.dll, CurrentDomainAssemblyResolve: Resolving assembly 'Microsoft.Bcl.AsyncInterfaces'.
TpTrace Verbose: 0 : 24720, 1, 2024/11/04, 12:22:25.556, 6769490076822, vstest.console.dll, CurrentDomainAssemblyResolve: Failed to resolve assembly 'Microsoft.Bcl.AsyncInterfaces'.
TpTrace Verbose: 0 : 24720, 1, 2024/11/04, 12:22:25.557, 6769490082265, vstest.console.dll, CurrentDomainAssemblyResolve: Failed to resolve assembly 'Microsoft.Bcl.AsyncInterfaces'.
TpTrace Warning: 0 : 24720, 1, 2024/11/04, 12:22:25.565, 6769490159074, vstest.console.dll, TestPluginDiscoverer: Failed to get types from assembly 'Microsoft.Diagnostics.NETCore.Client, Version=0.2.10.30701, Culture=neutral, PublicKeyToken=31bf3856ad364e35'. Error: System.Reflection.ReflectionTypeLoadException: Unable to load one or more of the requested types.
Could not load file or assembly 'Microsoft.Bcl.AsyncInterfaces, Version=6.0.0.0, Culture=neutral, PublicKeyToken=cc7b13ffcd2ddd51'. The system cannot find the file specified.
   at System.Reflection.RuntimeModule.GetTypes(RuntimeModule module)
   at System.Reflection.RuntimeModule.GetTypes()
   at Microsoft.VisualStudio.TestPlatform.Common.ExtensionFramework.TestPluginDiscoverer.GetTestExtensionsFromAssembly[TPluginInfo,TExtension](Assembly assembly, Dictionary`2 pluginInfos, String filePath) in /_/src/Microsoft.TestPlatform.Common/ExtensionFramework/TestPluginDiscoverer.cs:line 158
System.IO.FileNotFoundException: Could not load file or assembly 'Microsoft.Bcl.AsyncInterfaces, Version=6.0.0.0, Culture=neutral, PublicKeyToken=cc7b13ffcd2ddd51'. The system cannot find the file specified.
File name: 'Microsoft.Bcl.AsyncInterfaces, Version=6.0.0.0, Culture=neutral, PublicKeyToken=cc7b13ffcd2ddd51'
 ---> System.IO.FileNotFoundException: Could not load file or assembly 'Microsoft.Bcl.AsyncInterfaces, Culture=neutral, PublicKeyToken=null'. The system cannot find the file specified.
File name: 'Microsoft.Bcl.AsyncInterfaces, Culture=neutral, PublicKeyToken=null'
   at System.Reflection.RuntimeAssembly.InternalLoad(AssemblyName assemblyName, StackCrawlMark& stackMark, AssemblyLoadContext assemblyLoadContext, RuntimeAssembly requestingAssembly, Boolean throwOnFileNotFound)
   at System.Reflection.Assembly.Load(AssemblyName assemblyRef)
   at Microsoft.VisualStudio.TestPlatform.Common.ExtensionFramework.TestPluginCache.CurrentDomainAssemblyResolve(Object sender, AssemblyResolveEventArgs args) in /_/src/Microsoft.TestPlatform.Common/ExtensionFramework/TestPluginCache.cs:line 513
   at System.Runtime.Loader.AssemblyLoadContext.GetFirstResolvedAssemblyFromResolvingEvent(AssemblyName assemblyName)
   at System.Runtime.Loader.AssemblyLoadContext.ResolveUsingEvent(AssemblyName assemblyName)
   at System.Runtime.Loader.AssemblyLoadContext.ResolveUsingResolvingEvent(IntPtr gchManagedAssemblyLoadContext, AssemblyName assemblyName)
TpTrace Warning: 0 : 24720, 1, 2024/11/04, 12:22:25.565, 6769490162989, vstest.console.dll, LoaderExceptions: System.IO.FileNotFoundException: Could not load file or assembly 'Microsoft.Bcl.AsyncInterfaces, Version=6.0.0.0, Culture=neutral, PublicKeyToken=cc7b13ffcd2ddd51'. The system cannot find the file specified.
File name: 'Microsoft.Bcl.AsyncInterfaces, Version=6.0.0.0, Culture=neutral, PublicKeyToken=cc7b13ffcd2ddd51'
 ---> System.IO.FileNotFoundException: Could not load file or assembly 'Microsoft.Bcl.AsyncInterfaces, Culture=neutral, PublicKeyToken=null'. The system cannot find the file specified.
File name: 'Microsoft.Bcl.AsyncInterfaces, Culture=neutral, PublicKeyToken=null'
   at System.Reflection.RuntimeAssembly.InternalLoad(AssemblyName assemblyName, StackCrawlMark& stackMark, AssemblyLoadContext assemblyLoadContext, RuntimeAssembly requestingAssembly, Boolean throwOnFileNotFound)
   at System.Reflection.Assembly.Load(AssemblyName assemblyRef)
   at Microsoft.VisualStudio.TestPlatform.Common.ExtensionFramework.TestPluginCache.CurrentDomainAssemblyResolve(Object sender, AssemblyResolveEventArgs args) in /_/src/Microsoft.TestPlatform.Common/ExtensionFramework/TestPluginCache.cs:line 513
   at System.Runtime.Loader.AssemblyLoadContext.GetFirstResolvedAssemblyFromResolvingEvent(AssemblyName assemblyName)
   at System.Runtime.Loader.AssemblyLoadContext.ResolveUsingEvent(AssemblyName assemblyName)
   at System.Runtime.Loader.AssemblyLoadContext.ResolveUsingResolvingEvent(IntPtr gchManagedAssemblyLoadContext, AssemblyName assemblyName)
TpTrace Information: 0 : 24720, 1, 2024/11/04, 12:22:25.565, 6769490164575, vstest.console.dll, AssemblyResolver.OnResolve: Microsoft.TestPlatform.Extensions.BlameDataCollector: Resolving assembly.
TpTrace Information: 0 : 24720, 1, 2024/11/04, 12:22:25.565, 6769490165078, vstest.console.dll, AssemblyResolver.OnResolve: Microsoft.TestPlatform.Extensions.BlameDataCollector: Searching in: 'C:\Program Files\dotnet\sdk\8.0.400\Extensions'.
TpTrace Information: 0 : 24720, 1, 2024/11/04, 12:22:25.566, 6769490172228, vstest.console.dll, AssemblyResolver.OnResolve: Microsoft.TestPlatform.Extensions.BlameDataCollector: Loading assembly 'C:\Program Files\dotnet\sdk\8.0.400\Extensions\Microsoft.TestPlatform.Extensions.BlameDataCollector.dll'.
TpTrace Information: 0 : 24720, 1, 2024/11/04, 12:22:25.567, 6769490180660, vstest.console.dll, AssemblyResolver.OnResolve: Resolved assembly: Microsoft.TestPlatform.Extensions.BlameDataCollector, from path: C:\Program Files\dotnet\sdk\8.0.400\Extensions\Microsoft.TestPlatform.Extensions.BlameDataCollector.dll
TpTrace Verbose: 0 : 24720, 1, 2024/11/04, 12:22:25.567, 6769490181925, vstest.console.dll, MetadataReaderExtensionsHelper: Discovering extensions inside assembly 'Microsoft.TestPlatform.Extensions.BlameDataCollector, Version=15.0.0.0, Culture=neutral, PublicKeyToken=b03f5f7f11d50a3a' file path 'C:\Program Files\dotnet\sdk\8.0.400\Extensions\Microsoft.TestPlatform.Extensions.BlameDataCollector.dll'
TpTrace Information: 0 : 24720, 1, 2024/11/04, 12:22:25.569, 6769490198212, vstest.console.dll, AssemblyResolver.OnResolve: Microsoft.TestPlatform.Extensions.EventLogCollector: Resolving assembly.
TpTrace Information: 0 : 24720, 1, 2024/11/04, 12:22:25.569, 6769490199295, vstest.console.dll, AssemblyResolver.OnResolve: Microsoft.TestPlatform.Extensions.EventLogCollector: Searching in: 'C:\Program Files\dotnet\sdk\8.0.400\Extensions'.
TpTrace Information: 0 : 24720, 1, 2024/11/04, 12:22:25.569, 6769490204960, vstest.console.dll, AssemblyResolver.OnResolve: Microsoft.TestPlatform.Extensions.EventLogCollector: Loading assembly 'C:\Program Files\dotnet\sdk\8.0.400\Extensions\Microsoft.TestPlatform.Extensions.EventLogCollector.dll'.
TpTrace Information: 0 : 24720, 1, 2024/11/04, 12:22:25.570, 6769490211386, vstest.console.dll, AssemblyResolver.OnResolve: Resolved assembly: Microsoft.TestPlatform.Extensions.EventLogCollector, from path: C:\Program Files\dotnet\sdk\8.0.400\Extensions\Microsoft.TestPlatform.Extensions.EventLogCollector.dll
TpTrace Verbose: 0 : 24720, 1, 2024/11/04, 12:22:25.570, 6769490212460, vstest.console.dll, MetadataReaderExtensionsHelper: Discovering extensions inside assembly 'Microsoft.TestPlatform.Extensions.EventLogCollector, Version=15.0.0.0, Culture=neutral, PublicKeyToken=b03f5f7f11d50a3a' file path 'C:\Program Files\dotnet\sdk\8.0.400\Extensions\Microsoft.TestPlatform.Extensions.EventLogCollector.dll'
TpTrace Information: 0 : 24720, 1, 2024/11/04, 12:22:25.573, 6769490241745, vstest.console.dll, AssemblyResolver.OnResolve: Microsoft.TestPlatform.TestHostRuntimeProvider: Resolving assembly.
TpTrace Information: 0 : 24720, 1, 2024/11/04, 12:22:25.573, 6769490243004, vstest.console.dll, AssemblyResolver.OnResolve: Microsoft.TestPlatform.TestHostRuntimeProvider: Searching in: 'C:\Program Files\dotnet\sdk\8.0.400\Extensions'.
TpTrace Information: 0 : 24720, 1, 2024/11/04, 12:22:25.574, 6769490248648, vstest.console.dll, AssemblyResolver.OnResolve: Microsoft.TestPlatform.TestHostRuntimeProvider: Loading assembly 'C:\Program Files\dotnet\sdk\8.0.400\Extensions\Microsoft.TestPlatform.TestHostRuntimeProvider.dll'.
TpTrace Information: 0 : 24720, 1, 2024/11/04, 12:22:25.574, 6769490254103, vstest.console.dll, AssemblyResolver.OnResolve: Resolved assembly: Microsoft.TestPlatform.TestHostRuntimeProvider, from path: C:\Program Files\dotnet\sdk\8.0.400\Extensions\Microsoft.TestPlatform.TestHostRuntimeProvider.dll
TpTrace Verbose: 0 : 24720, 1, 2024/11/04, 12:22:25.574, 6769490255073, vstest.console.dll, MetadataReaderExtensionsHelper: Discovering extensions inside assembly 'Microsoft.TestPlatform.TestHostRuntimeProvider, Version=15.0.0.0, Culture=neutral, PublicKeyToken=b03f5f7f11d50a3a' file path 'C:\Program Files\dotnet\sdk\8.0.400\Extensions\Microsoft.TestPlatform.TestHostRuntimeProvider.dll'
TpTrace Information: 0 : 24720, 1, 2024/11/04, 12:22:25.576, 6769490272822, vstest.console.dll, GetTestExtensionFromType: Register extension with identifier data 'HostProvider://DefaultTestHost' and type 'Microsoft.VisualStudio.TestPlatform.CrossPlatEngine.Hosting.DefaultTestHostManager, Microsoft.TestPlatform.TestHostRuntimeProvider, Version=15.0.0.0, Culture=neutral, PublicKeyToken=b03f5f7f11d50a3a' inside file 'C:\Program Files\dotnet\sdk\8.0.400\Extensions\Microsoft.TestPlatform.TestHostRuntimeProvider.dll'
TpTrace Information: 0 : 24720, 1, 2024/11/04, 12:22:25.576, 6769490275903, vstest.console.dll, GetTestExtensionFromType: Register extension with identifier data 'HostProvider://DotnetTestHost' and type 'Microsoft.VisualStudio.TestPlatform.CrossPlatEngine.Hosting.DotnetTestHostManager, Microsoft.TestPlatform.TestHostRuntimeProvider, Version=15.0.0.0, Culture=neutral, PublicKeyToken=b03f5f7f11d50a3a' inside file 'C:\Program Files\dotnet\sdk\8.0.400\Extensions\Microsoft.TestPlatform.TestHostRuntimeProvider.dll'
TpTrace Information: 0 : 24720, 1, 2024/11/04, 12:22:25.576, 6769490276732, vstest.console.dll, AssemblyResolver.OnResolve: Microsoft.VisualStudio.TestPlatform.Extensions.Html.TestLogger: Resolving assembly.
TpTrace Information: 0 : 24720, 1, 2024/11/04, 12:22:25.576, 6769490277199, vstest.console.dll, AssemblyResolver.OnResolve: Microsoft.VisualStudio.TestPlatform.Extensions.Html.TestLogger: Searching in: 'C:\Program Files\dotnet\sdk\8.0.400\Extensions'.
TpTrace Information: 0 : 24720, 1, 2024/11/04, 12:22:25.577, 6769490284169, vstest.console.dll, AssemblyResolver.OnResolve: Microsoft.VisualStudio.TestPlatform.Extensions.Html.TestLogger: Loading assembly 'C:\Program Files\dotnet\sdk\8.0.400\Extensions\Microsoft.VisualStudio.TestPlatform.Extensions.Html.TestLogger.dll'.
TpTrace Information: 0 : 24720, 1, 2024/11/04, 12:22:25.578, 6769490293056, vstest.console.dll, AssemblyResolver.OnResolve: Resolved assembly: Microsoft.VisualStudio.TestPlatform.Extensions.Html.TestLogger, from path: C:\Program Files\dotnet\sdk\8.0.400\Extensions\Microsoft.VisualStudio.TestPlatform.Extensions.Html.TestLogger.dll
TpTrace Verbose: 0 : 24720, 1, 2024/11/04, 12:22:25.578, 6769490293969, vstest.console.dll, MetadataReaderExtensionsHelper: Discovering extensions inside assembly 'Microsoft.VisualStudio.TestPlatform.Extensions.Html.TestLogger, Version=15.0.0.0, Culture=neutral, PublicKeyToken=b03f5f7f11d50a3a' file path 'C:\Program Files\dotnet\sdk\8.0.400\Extensions\Microsoft.VisualStudio.TestPlatform.Extensions.Html.TestLogger.dll'
TpTrace Information: 0 : 24720, 1, 2024/11/04, 12:22:25.579, 6769490303605, vstest.console.dll, AssemblyResolver.OnResolve: Microsoft.VisualStudio.TestPlatform.Extensions.Trx.TestLogger: Resolving assembly.
TpTrace Information: 0 : 24720, 1, 2024/11/04, 12:22:25.579, 6769490304638, vstest.console.dll, AssemblyResolver.OnResolve: Microsoft.VisualStudio.TestPlatform.Extensions.Trx.TestLogger: Searching in: 'C:\Program Files\dotnet\sdk\8.0.400\Extensions'.
TpTrace Information: 0 : 24720, 1, 2024/11/04, 12:22:25.580, 6769490312345, vstest.console.dll, AssemblyResolver.OnResolve: Microsoft.VisualStudio.TestPlatform.Extensions.Trx.TestLogger: Loading assembly 'C:\Program Files\dotnet\sdk\8.0.400\Extensions\Microsoft.VisualStudio.TestPlatform.Extensions.Trx.TestLogger.dll'.
TpTrace Information: 0 : 24720, 1, 2024/11/04, 12:22:25.581, 6769490320853, vstest.console.dll, AssemblyResolver.OnResolve: Resolved assembly: Microsoft.VisualStudio.TestPlatform.Extensions.Trx.TestLogger, from path: C:\Program Files\dotnet\sdk\8.0.400\Extensions\Microsoft.VisualStudio.TestPlatform.Extensions.Trx.TestLogger.dll
TpTrace Verbose: 0 : 24720, 1, 2024/11/04, 12:22:25.581, 6769490322005, vstest.console.dll, MetadataReaderExtensionsHelper: Discovering extensions inside assembly 'Microsoft.VisualStudio.TestPlatform.Extensions.Trx.TestLogger, Version=15.0.0.0, Culture=neutral, PublicKeyToken=b03f5f7f11d50a3a' file path 'C:\Program Files\dotnet\sdk\8.0.400\Extensions\Microsoft.VisualStudio.TestPlatform.Extensions.Trx.TestLogger.dll'
TpTrace Verbose: 0 : 24720, 1, 2024/11/04, 12:22:25.582, 6769490336263, vstest.console.dll, TestPluginCache: Discovered the extensions using extension path ''.
TpTrace Verbose: 0 : 24720, 1, 2024/11/04, 12:22:25.582, 6769490337151, vstest.console.dll, TestPluginCache: Discoverers are ''.
TpTrace Verbose: 0 : 24720, 1, 2024/11/04, 12:22:25.582, 6769490337320, vstest.console.dll, TestPluginCache: Executors are ''.
TpTrace Verbose: 0 : 24720, 1, 2024/11/04, 12:22:25.582, 6769490337464, vstest.console.dll, TestPluginCache: Executors2 are ''.
TpTrace Verbose: 0 : 24720, 1, 2024/11/04, 12:22:25.582, 6769490337605, vstest.console.dll, TestPluginCache: Setting providers are ''.
TpTrace Verbose: 0 : 24720, 1, 2024/11/04, 12:22:25.582, 6769490337814, vstest.console.dll, TestPluginCache: Loggers are ''.
TpTrace Verbose: 0 : 24720, 1, 2024/11/04, 12:22:25.583, 6769490339109, vstest.console.dll, TestPluginCache: TestHosts are 'HostProvider://DefaultTestHost,HostProvider://DotnetTestHost'.
TpTrace Verbose: 0 : 24720, 1, 2024/11/04, 12:22:25.583, 6769490339359, vstest.console.dll, TestPluginCache: DataCollectors are ''.
TpTrace Information: 0 : 24720, 1, 2024/11/04, 12:22:25.593, 6769490447340, vstest.console.dll, RunTestsArgumentProcessor:Execute: Test run is starting.
TpTrace Verbose: 0 : 24720, 1, 2024/11/04, 12:22:25.594, 6769490448198, vstest.console.dll, RunTestsArgumentProcessor:Execute: Queuing Test run.
TpTrace Information: 0 : 24720, 1, 2024/11/04, 12:22:25.594, 6769490449868, vstest.console.dll, TestRequestManager.RunTests: run tests started.
TpTrace Information: 0 : 24720, 1, 2024/11/04, 12:22:25.595, 6769490459167, vstest.console.dll, AssemblyMetadataProvider.GetFrameworkName: Determined framework:'.NETCoreApp,Version=v8.0' for source: 'C:\Users\karol\Desktop\KTU\4 kursas\pacmen\TestProject\bin\Debug\net8.0\fine-code-coverage\build-output\TestProject.dll'
TpTrace Information: 0 : 24720, 1, 2024/11/04, 12:22:25.595, 6769490460969, vstest.console.dll, Determined framework for all sources: .NETCoreApp,Version=v8.0
TpTrace Verbose: 0 : 24720, 1, 2024/11/04, 12:22:25.595, 6769490464100, vstest.console.dll, TestRequestManager.UpdateRunSettingsIfRequired: Default architecture: X64 IsDefaultTargetArchitecture: True, Current process architecture: X64 OperatingSystem: Windows.
TpTrace Information: 0 : 24720, 1, 2024/11/04, 12:22:25.596, 6769490476320, vstest.console.dll, AssemblyMetadataProvider.GetArchitecture: Determined architecture:AnyCPU info for assembly: C:\Users\karol\Desktop\KTU\4 kursas\pacmen\TestProject\bin\Debug\net8.0\fine-code-coverage\build-output\TestProject.dll
TpTrace Information: 0 : 24720, 1, 2024/11/04, 12:22:25.596, 6769490477020, vstest.console.dll, Determined platform for source 'C:\Users\karol\Desktop\KTU\4 kursas\pacmen\TestProject\bin\Debug\net8.0\fine-code-coverage\build-output\TestProject.dll' was AnyCPU and it will use the default plaform X64.
TpTrace Information: 0 : 24720, 1, 2024/11/04, 12:22:25.596, 6769490477193, vstest.console.dll, None of the sources provided any runnable platform, using the default platform: X64
TpTrace Information: 0 : 24720, 1, 2024/11/04, 12:22:25.597, 6769490478030, vstest.console.dll, Platform was updated to 'X64'.
TpTrace Information: 0 : 24720, 1, 2024/11/04, 12:22:25.599, 6769490502656, vstest.console.dll, InferRunSettingsHelper.IsTestSettingsEnabled: Unable to navigate to RunSettings/MSTest. Current node: RunSettings
TpTrace Information: 0 : 24720, 1, 2024/11/04, 12:22:25.600, 6769490508493, vstest.console.dll, AssemblyResolver.OnResolve: Microsoft.VisualStudio.TestPlatform.Fakes: Resolving assembly.
TpTrace Information: 0 : 24720, 1, 2024/11/04, 12:22:25.600, 6769490509367, vstest.console.dll, AssemblyResolver.OnResolve: Microsoft.VisualStudio.TestPlatform.Fakes: Searching in: 'C:\Program Files\dotnet\sdk\8.0.400\Extensions'.
TpTrace Information: 0 : 24720, 1, 2024/11/04, 12:22:25.600, 6769490510022, vstest.console.dll, AssemblyResolver.OnResolve: Microsoft.VisualStudio.TestPlatform.Fakes: Assembly path does not exist: 'C:\Program Files\dotnet\sdk\8.0.400\Extensions\Microsoft.VisualStudio.TestPlatform.Fakes.dll', returning.
TpTrace Information: 0 : 24720, 1, 2024/11/04, 12:22:25.600, 6769490510398, vstest.console.dll, AssemblyResolver.OnResolve: Microsoft.VisualStudio.TestPlatform.Fakes: Assembly path does not exist: 'C:\Program Files\dotnet\sdk\8.0.400\Extensions\Microsoft.VisualStudio.TestPlatform.Fakes.exe', returning.
TpTrace Information: 0 : 24720, 1, 2024/11/04, 12:22:25.600, 6769490510579, vstest.console.dll, AssemblyResolver.OnResolve: Microsoft.VisualStudio.TestPlatform.Fakes: Searching in: 'C:\Program Files\dotnet\sdk\8.0.400'.
TpTrace Information: 0 : 24720, 1, 2024/11/04, 12:22:25.600, 6769490510955, vstest.console.dll, AssemblyResolver.OnResolve: Microsoft.VisualStudio.TestPlatform.Fakes: Assembly path does not exist: 'C:\Program Files\dotnet\sdk\8.0.400\Microsoft.VisualStudio.TestPlatform.Fakes.dll', returning.
TpTrace Information: 0 : 24720, 1, 2024/11/04, 12:22:25.600, 6769490511271, vstest.console.dll, AssemblyResolver.OnResolve: Microsoft.VisualStudio.TestPlatform.Fakes: Assembly path does not exist: 'C:\Program Files\dotnet\sdk\8.0.400\Microsoft.VisualStudio.TestPlatform.Fakes.exe', returning.
TpTrace Information: 0 : 24720, 1, 2024/11/04, 12:22:25.600, 6769490511474, vstest.console.dll, AssemblyResolver.OnResolve: Microsoft.VisualStudio.TestPlatform.Fakes: Failed to load assembly.
TpTrace Information: 0 : 24720, 1, 2024/11/04, 12:22:25.600, 6769490513674, vstest.console.dll, Failed to load assembly Microsoft.VisualStudio.TestPlatform.Fakes, Version=17.0.0.0, Culture=neutral. Reason:System.IO.FileNotFoundException: Could not load file or assembly 'Microsoft.VisualStudio.TestPlatform.Fakes, Version=17.0.0.0, Culture=neutral, PublicKeyToken=null'. The system cannot find the file specified.
File name: 'Microsoft.VisualStudio.TestPlatform.Fakes, Version=17.0.0.0, Culture=neutral, PublicKeyToken=null'
   at System.Reflection.RuntimeAssembly.InternalLoad(AssemblyName assemblyName, StackCrawlMark& stackMark, AssemblyLoadContext assemblyLoadContext, RuntimeAssembly requestingAssembly, Boolean throwOnFileNotFound)
   at System.Reflection.Assembly.Load(AssemblyName assemblyRef)
   at Microsoft.VisualStudio.TestPlatform.Common.Utilities.FakesUtilities.LoadTestPlatformAssembly() in /_/src/Microsoft.TestPlatform.Common/Utilities/FakesUtilities.cs:line 272
TpTrace Verbose: 0 : 24720, 1, 2024/11/04, 12:22:25.603, 6769490544541, vstest.console.dll, TestPluginCache.DiscoverTestExtensions: finding test extensions in assemblies ends with: TestLogger.dll TPluginInfo: Microsoft.VisualStudio.TestPlatform.Common.ExtensionFramework.Utilities.TestLoggerPluginInformation TExtension: Microsoft.VisualStudio.TestPlatform.ObjectModel.Client.ITestLogger
TpTrace Verbose: 0 : 24720, 1, 2024/11/04, 12:22:25.603, 6769490546636, vstest.console.dll, TestPluginCache.GetExtensionPaths: Filtered extension paths: 
TpTrace Verbose: 0 : 24720, 1, 2024/11/04, 12:22:25.603, 6769490547638, vstest.console.dll, TestPluginCache.GetExtensionPaths: Added default extension paths: C:\Program Files\dotnet\sdk\8.0.400\Extensions\Microsoft.Diagnostics.NETCore.Client.dll
C:\Program Files\dotnet\sdk\8.0.400\Extensions\Microsoft.TestPlatform.Extensions.BlameDataCollector.dll
C:\Program Files\dotnet\sdk\8.0.400\Extensions\Microsoft.TestPlatform.Extensions.EventLogCollector.dll
C:\Program Files\dotnet\sdk\8.0.400\Extensions\Microsoft.TestPlatform.TestHostRuntimeProvider.dll
C:\Program Files\dotnet\sdk\8.0.400\Extensions\Microsoft.VisualStudio.TestPlatform.Extensions.Html.TestLogger.dll
C:\Program Files\dotnet\sdk\8.0.400\Extensions\Microsoft.VisualStudio.TestPlatform.Extensions.Trx.TestLogger.dll
TpTrace Verbose: 0 : 24720, 1, 2024/11/04, 12:22:25.604, 6769490548139, vstest.console.dll, TestPluginCache.GetExtensionPaths: Added unfilterableExtensionPaths: 
TpTrace Information: 0 : 24720, 1, 2024/11/04, 12:22:25.604, 6769490550431, vstest.console.dll, AssemblyResolver.AddSearchDirectories: Adding more searchDirectories C:\Program Files\dotnet\sdk\8.0.400\Extensions,C:\Program Files\dotnet\sdk\8.0.400
TpTrace Verbose: 0 : 24720, 1, 2024/11/04, 12:22:25.604, 6769490551212, vstest.console.dll, TestPluginCache.DiscoverTestExtensions: Discovering the extensions using extension path.
TpTrace Verbose: 0 : 24720, 1, 2024/11/04, 12:22:25.604, 6769490551767, vstest.console.dll, TestPluginCache.GetExtensionPaths: Filtered extension paths: 
TpTrace Verbose: 0 : 24720, 1, 2024/11/04, 12:22:25.604, 6769490552207, vstest.console.dll, TestPluginCache.GetExtensionPaths: Added default extension paths: C:\Program Files\dotnet\sdk\8.0.400\Extensions\Microsoft.Diagnostics.NETCore.Client.dll
C:\Program Files\dotnet\sdk\8.0.400\Extensions\Microsoft.TestPlatform.Extensions.BlameDataCollector.dll
C:\Program Files\dotnet\sdk\8.0.400\Extensions\Microsoft.TestPlatform.Extensions.EventLogCollector.dll
C:\Program Files\dotnet\sdk\8.0.400\Extensions\Microsoft.TestPlatform.TestHostRuntimeProvider.dll
C:\Program Files\dotnet\sdk\8.0.400\Extensions\Microsoft.VisualStudio.TestPlatform.Extensions.Html.TestLogger.dll
C:\Program Files\dotnet\sdk\8.0.400\Extensions\Microsoft.VisualStudio.TestPlatform.Extensions.Trx.TestLogger.dll
TpTrace Verbose: 0 : 24720, 1, 2024/11/04, 12:22:25.604, 6769490552391, vstest.console.dll, TestPluginCache.GetExtensionPaths: Added unfilterableExtensionPaths: 
TpTrace Verbose: 0 : 24720, 1, 2024/11/04, 12:22:25.604, 6769490552616, vstest.console.dll, TestPluginCache.DiscoverTestExtensions: Discovering the extensions using allExtensionPaths: C:\Program Files\dotnet\sdk\8.0.400\Extensions\Microsoft.Diagnostics.NETCore.Client.dll
C:\Program Files\dotnet\sdk\8.0.400\Extensions\Microsoft.TestPlatform.Extensions.BlameDataCollector.dll
C:\Program Files\dotnet\sdk\8.0.400\Extensions\Microsoft.TestPlatform.Extensions.EventLogCollector.dll
C:\Program Files\dotnet\sdk\8.0.400\Extensions\Microsoft.TestPlatform.TestHostRuntimeProvider.dll
C:\Program Files\dotnet\sdk\8.0.400\Extensions\Microsoft.VisualStudio.TestPlatform.Extensions.Html.TestLogger.dll
C:\Program Files\dotnet\sdk\8.0.400\Extensions\Microsoft.VisualStudio.TestPlatform.Extensions.Trx.TestLogger.dll
TpTrace Information: 0 : 24720, 1, 2024/11/04, 12:22:25.604, 6769490553315, vstest.console.dll, AssemblyResolver.AddSearchDirectories: Adding more searchDirectories C:\Program Files\dotnet\sdk\8.0.400\Extensions,C:\Program Files\dotnet\sdk\8.0.400
TpTrace Information: 0 : 24720, 1, 2024/11/04, 12:22:25.604, 6769490553582, vstest.console.dll, AssemblyResolver.AddSearchDirectories: Adding more searchDirectories C:\Program Files\dotnet\sdk\8.0.400\Extensions,C:\Program Files\dotnet\sdk\8.0.400
TpTrace Information: 0 : 24720, 1, 2024/11/04, 12:22:25.604, 6769490553762, vstest.console.dll, AssemblyResolver.AddSearchDirectories: Adding more searchDirectories C:\Program Files\dotnet\sdk\8.0.400\Extensions,C:\Program Files\dotnet\sdk\8.0.400
TpTrace Information: 0 : 24720, 1, 2024/11/04, 12:22:25.604, 6769490553931, vstest.console.dll, AssemblyResolver.AddSearchDirectories: Adding more searchDirectories C:\Program Files\dotnet\sdk\8.0.400\Extensions,C:\Program Files\dotnet\sdk\8.0.400
TpTrace Information: 0 : 24720, 1, 2024/11/04, 12:22:25.604, 6769490554096, vstest.console.dll, AssemblyResolver.AddSearchDirectories: Adding more searchDirectories C:\Program Files\dotnet\sdk\8.0.400\Extensions,C:\Program Files\dotnet\sdk\8.0.400
TpTrace Information: 0 : 24720, 1, 2024/11/04, 12:22:25.604, 6769490554290, vstest.console.dll, AssemblyResolver.AddSearchDirectories: Adding more searchDirectories C:\Program Files\dotnet\sdk\8.0.400\Extensions,C:\Program Files\dotnet\sdk\8.0.400
TpTrace Verbose: 0 : 24720, 1, 2024/11/04, 12:22:25.604, 6769490555122, vstest.console.dll, MetadataReaderExtensionsHelper: Discovering extensions inside assembly 'Microsoft.Diagnostics.NETCore.Client, Version=0.2.10.30701, Culture=neutral, PublicKeyToken=31bf3856ad364e35' file path 'C:\Program Files\dotnet\sdk\8.0.400\Extensions\Microsoft.Diagnostics.NETCore.Client.dll'
TpTrace Information: 0 : 24720, 1, 2024/11/04, 12:22:25.605, 6769490561020, vstest.console.dll, AssemblyResolver.OnResolve: Microsoft.Bcl.AsyncInterfaces: Resolving assembly.
TpTrace Information: 0 : 24720, 1, 2024/11/04, 12:22:25.605, 6769490561524, vstest.console.dll, AssemblyResolver.OnResolve: Microsoft.Bcl.AsyncInterfaces: Resolved from cache.
TpTrace Verbose: 0 : 24720, 1, 2024/11/04, 12:22:25.605, 6769490561704, vstest.console.dll, CurrentDomainAssemblyResolve: Resolving assembly 'Microsoft.Bcl.AsyncInterfaces'.
TpTrace Information: 0 : 24720, 1, 2024/11/04, 12:22:25.605, 6769490562080, vstest.console.dll, AssemblyResolver.OnResolve: Microsoft.Bcl.AsyncInterfaces: Resolving assembly.
TpTrace Information: 0 : 24720, 1, 2024/11/04, 12:22:25.605, 6769490562293, vstest.console.dll, AssemblyResolver.OnResolve: Microsoft.Bcl.AsyncInterfaces: Resolved from cache.
TpTrace Verbose: 0 : 24720, 1, 2024/11/04, 12:22:25.605, 6769490562443, vstest.console.dll, CurrentDomainAssemblyResolve: Resolving assembly 'Microsoft.Bcl.AsyncInterfaces'.
TpTrace Verbose: 0 : 24720, 1, 2024/11/04, 12:22:25.605, 6769490562589, vstest.console.dll, CurrentDomainAssemblyResolve: Failed to resolve assembly 'Microsoft.Bcl.AsyncInterfaces'.
TpTrace Verbose: 0 : 24720, 1, 2024/11/04, 12:22:25.605, 6769490563785, vstest.console.dll, CurrentDomainAssemblyResolve: Failed to resolve assembly 'Microsoft.Bcl.AsyncInterfaces'.
TpTrace Warning: 0 : 24720, 1, 2024/11/04, 12:22:25.605, 6769490566276, vstest.console.dll, TestPluginDiscoverer: Failed to get types from assembly 'Microsoft.Diagnostics.NETCore.Client, Version=0.2.10.30701, Culture=neutral, PublicKeyToken=31bf3856ad364e35'. Error: System.Reflection.ReflectionTypeLoadException: Unable to load one or more of the requested types.
Could not load file or assembly 'Microsoft.Bcl.AsyncInterfaces, Version=6.0.0.0, Culture=neutral, PublicKeyToken=cc7b13ffcd2ddd51'. The system cannot find the file specified.
   at System.Reflection.RuntimeModule.GetTypes(RuntimeModule module)
   at System.Reflection.RuntimeModule.GetTypes()
   at Microsoft.VisualStudio.TestPlatform.Common.ExtensionFramework.TestPluginDiscoverer.GetTestExtensionsFromAssembly[TPluginInfo,TExtension](Assembly assembly, Dictionary`2 pluginInfos, String filePath) in /_/src/Microsoft.TestPlatform.Common/ExtensionFramework/TestPluginDiscoverer.cs:line 158
System.IO.FileNotFoundException: Could not load file or assembly 'Microsoft.Bcl.AsyncInterfaces, Version=6.0.0.0, Culture=neutral, PublicKeyToken=cc7b13ffcd2ddd51'. The system cannot find the file specified.
File name: 'Microsoft.Bcl.AsyncInterfaces, Version=6.0.0.0, Culture=neutral, PublicKeyToken=cc7b13ffcd2ddd51'
 ---> System.IO.FileNotFoundException: Could not load file or assembly 'Microsoft.Bcl.AsyncInterfaces, Culture=neutral, PublicKeyToken=null'. The system cannot find the file specified.
File name: 'Microsoft.Bcl.AsyncInterfaces, Culture=neutral, PublicKeyToken=null'
   at System.Reflection.RuntimeAssembly.InternalLoad(AssemblyName assemblyName, StackCrawlMark& stackMark, AssemblyLoadContext assemblyLoadContext, RuntimeAssembly requestingAssembly, Boolean throwOnFileNotFound)
   at System.Reflection.Assembly.Load(AssemblyName assemblyRef)
   at Microsoft.VisualStudio.TestPlatform.Common.ExtensionFramework.TestPluginCache.CurrentDomainAssemblyResolve(Object sender, AssemblyResolveEventArgs args) in /_/src/Microsoft.TestPlatform.Common/ExtensionFramework/TestPluginCache.cs:line 513
   at System.Runtime.Loader.AssemblyLoadContext.GetFirstResolvedAssemblyFromResolvingEvent(AssemblyName assemblyName)
   at System.Runtime.Loader.AssemblyLoadContext.ResolveUsingEvent(AssemblyName assemblyName)
   at System.Runtime.Loader.AssemblyLoadContext.ResolveUsingResolvingEvent(IntPtr gchManagedAssemblyLoadContext, AssemblyName assemblyName)
TpTrace Warning: 0 : 24720, 1, 2024/11/04, 12:22:25.605, 6769490567884, vstest.console.dll, LoaderExceptions: System.IO.FileNotFoundException: Could not load file or assembly 'Microsoft.Bcl.AsyncInterfaces, Version=6.0.0.0, Culture=neutral, PublicKeyToken=cc7b13ffcd2ddd51'. The system cannot find the file specified.
File name: 'Microsoft.Bcl.AsyncInterfaces, Version=6.0.0.0, Culture=neutral, PublicKeyToken=cc7b13ffcd2ddd51'
 ---> System.IO.FileNotFoundException: Could not load file or assembly 'Microsoft.Bcl.AsyncInterfaces, Culture=neutral, PublicKeyToken=null'. The system cannot find the file specified.
File name: 'Microsoft.Bcl.AsyncInterfaces, Culture=neutral, PublicKeyToken=null'
   at System.Reflection.RuntimeAssembly.InternalLoad(AssemblyName assemblyName, StackCrawlMark& stackMark, AssemblyLoadContext assemblyLoadContext, RuntimeAssembly requestingAssembly, Boolean throwOnFileNotFound)
   at System.Reflection.Assembly.Load(AssemblyName assemblyRef)
   at Microsoft.VisualStudio.TestPlatform.Common.ExtensionFramework.TestPluginCache.CurrentDomainAssemblyResolve(Object sender, AssemblyResolveEventArgs args) in /_/src/Microsoft.TestPlatform.Common/ExtensionFramework/TestPluginCache.cs:line 513
   at System.Runtime.Loader.AssemblyLoadContext.GetFirstResolvedAssemblyFromResolvingEvent(AssemblyName assemblyName)
   at System.Runtime.Loader.AssemblyLoadContext.ResolveUsingEvent(AssemblyName assemblyName)
   at System.Runtime.Loader.AssemblyLoadContext.ResolveUsingResolvingEvent(IntPtr gchManagedAssemblyLoadContext, AssemblyName assemblyName)
TpTrace Verbose: 0 : 24720, 1, 2024/11/04, 12:22:25.606, 6769490568454, vstest.console.dll, MetadataReaderExtensionsHelper: Discovering extensions inside assembly 'Microsoft.TestPlatform.Extensions.BlameDataCollector, Version=15.0.0.0, Culture=neutral, PublicKeyToken=b03f5f7f11d50a3a' file path 'C:\Program Files\dotnet\sdk\8.0.400\Extensions\Microsoft.TestPlatform.Extensions.BlameDataCollector.dll'
TpTrace Information: 0 : 24720, 1, 2024/11/04, 12:22:25.607, 6769490582772, vstest.console.dll, GetTestExtensionFromType: Register extension with identifier data 'logger://Microsoft/TestPlatform/Extensions/Blame/v1' and type 'Microsoft.TestPlatform.Extensions.BlameDataCollector.BlameLogger, Microsoft.TestPlatform.Extensions.BlameDataCollector, Version=15.0.0.0, Culture=neutral, PublicKeyToken=b03f5f7f11d50a3a' inside file 'C:\Program Files\dotnet\sdk\8.0.400\Extensions\Microsoft.TestPlatform.Extensions.BlameDataCollector.dll'
TpTrace Verbose: 0 : 24720, 1, 2024/11/04, 12:22:25.607, 6769490583751, vstest.console.dll, MetadataReaderExtensionsHelper: Discovering extensions inside assembly 'Microsoft.TestPlatform.Extensions.EventLogCollector, Version=15.0.0.0, Culture=neutral, PublicKeyToken=b03f5f7f11d50a3a' file path 'C:\Program Files\dotnet\sdk\8.0.400\Extensions\Microsoft.TestPlatform.Extensions.EventLogCollector.dll'
TpTrace Verbose: 0 : 24720, 1, 2024/11/04, 12:22:25.608, 6769490590669, vstest.console.dll, MetadataReaderExtensionsHelper: Discovering extensions inside assembly 'Microsoft.TestPlatform.TestHostRuntimeProvider, Version=15.0.0.0, Culture=neutral, PublicKeyToken=b03f5f7f11d50a3a' file path 'C:\Program Files\dotnet\sdk\8.0.400\Extensions\Microsoft.TestPlatform.TestHostRuntimeProvider.dll'
TpTrace Verbose: 0 : 24720, 1, 2024/11/04, 12:22:25.608, 6769490597412, vstest.console.dll, MetadataReaderExtensionsHelper: Discovering extensions inside assembly 'Microsoft.VisualStudio.TestPlatform.Extensions.Html.TestLogger, Version=15.0.0.0, Culture=neutral, PublicKeyToken=b03f5f7f11d50a3a' file path 'C:\Program Files\dotnet\sdk\8.0.400\Extensions\Microsoft.VisualStudio.TestPlatform.Extensions.Html.TestLogger.dll'
TpTrace Information: 0 : 24720, 1, 2024/11/04, 12:22:25.609, 6769490605492, vstest.console.dll, GetTestExtensionFromType: Register extension with identifier data 'logger://Microsoft/TestPlatform/HtmlLogger/v1' and type 'Microsoft.VisualStudio.TestPlatform.Extensions.HtmlLogger.HtmlLogger, Microsoft.VisualStudio.TestPlatform.Extensions.Html.TestLogger, Version=15.0.0.0, Culture=neutral, PublicKeyToken=b03f5f7f11d50a3a' inside file 'C:\Program Files\dotnet\sdk\8.0.400\Extensions\Microsoft.VisualStudio.TestPlatform.Extensions.Html.TestLogger.dll'
TpTrace Verbose: 0 : 24720, 1, 2024/11/04, 12:22:25.609, 6769490606529, vstest.console.dll, MetadataReaderExtensionsHelper: Discovering extensions inside assembly 'Microsoft.VisualStudio.TestPlatform.Extensions.Trx.TestLogger, Version=15.0.0.0, Culture=neutral, PublicKeyToken=b03f5f7f11d50a3a' file path 'C:\Program Files\dotnet\sdk\8.0.400\Extensions\Microsoft.VisualStudio.TestPlatform.Extensions.Trx.TestLogger.dll'
TpTrace Information: 0 : 24720, 1, 2024/11/04, 12:22:25.610, 6769490617744, vstest.console.dll, GetTestExtensionFromType: Register extension with identifier data 'logger://Microsoft/TestPlatform/TrxLogger/v1' and type 'Microsoft.VisualStudio.TestPlatform.Extensions.TrxLogger.TrxLogger, Microsoft.VisualStudio.TestPlatform.Extensions.Trx.TestLogger, Version=15.0.0.0, Culture=neutral, PublicKeyToken=b03f5f7f11d50a3a' inside file 'C:\Program Files\dotnet\sdk\8.0.400\Extensions\Microsoft.VisualStudio.TestPlatform.Extensions.Trx.TestLogger.dll'
TpTrace Verbose: 0 : 24720, 1, 2024/11/04, 12:22:25.611, 6769490618980, vstest.console.dll, TestPluginCache: Discovered the extensions using extension path ''.
TpTrace Verbose: 0 : 24720, 1, 2024/11/04, 12:22:25.611, 6769490619843, vstest.console.dll, TestPluginCache: Discoverers are ''.
TpTrace Verbose: 0 : 24720, 1, 2024/11/04, 12:22:25.611, 6769490620378, vstest.console.dll, TestPluginCache: Executors are ''.
TpTrace Verbose: 0 : 24720, 1, 2024/11/04, 12:22:25.611, 6769490621537, vstest.console.dll, TestPluginCache: Executors2 are ''.
TpTrace Verbose: 0 : 24720, 1, 2024/11/04, 12:22:25.611, 6769490622058, vstest.console.dll, TestPluginCache: Setting providers are ''.
TpTrace Verbose: 0 : 24720, 1, 2024/11/04, 12:22:25.611, 6769490622888, vstest.console.dll, TestPluginCache: Loggers are 'logger://Microsoft/TestPlatform/Extensions/Blame/v1,logger://Microsoft/TestPlatform/HtmlLogger/v1,logger://Microsoft/TestPlatform/TrxLogger/v1'.
TpTrace Verbose: 0 : 24720, 1, 2024/11/04, 12:22:25.611, 6769490623939, vstest.console.dll, TestPluginCache: TestHosts are 'HostProvider://DefaultTestHost,HostProvider://DotnetTestHost'.
TpTrace Verbose: 0 : 24720, 1, 2024/11/04, 12:22:25.611, 6769490624246, vstest.console.dll, TestPluginCache: DataCollectors are ''.
TpTrace Information: 0 : 24720, 1, 2024/11/04, 12:22:25.612, 6769490633149, vstest.console.dll, TestPluginManager.CreateTestExtension: Attempting to load test extension: Microsoft.TestPlatform.Extensions.BlameDataCollector.BlameLogger
TpTrace Verbose: 0 : 24720, 1, 2024/11/04, 12:22:25.618, 6769490696852, vstest.console.dll, TestEngine: Initializing Parallel Execution as MaxCpuCount is set to: 1
TpTrace Information: 0 : 24720, 1, 2024/11/04, 12:22:25.620, 6769490708429, vstest.console.dll, TestPluginManager.CreateTestExtension: Attempting to load test extension: Microsoft.VisualStudio.TestPlatform.CrossPlatEngine.Hosting.DefaultTestHostManager
TpTrace Information: 0 : 24720, 1, 2024/11/04, 12:22:25.620, 6769490714337, vstest.console.dll, TestPluginManager.CreateTestExtension: Attempting to load test extension: Microsoft.VisualStudio.TestPlatform.CrossPlatEngine.Hosting.DotnetTestHostManager
TpTrace Verbose: 0 : 24720, 1, 2024/11/04, 12:22:25.620, 6769490716074, vstest.console.dll, TestHostManagerCallbacks.ctor: Forwarding output is enabled.
TpTrace Information: 0 : 24720, 1, 2024/11/04, 12:22:25.621, 6769490719325, vstest.console.dll, InferRunSettingsHelper.IsTestSettingsEnabled: Unable to navigate to RunSettings/MSTest. Current node: RunSettings
TpTrace Verbose: 0 : 24720, 1, 2024/11/04, 12:22:25.621, 6769490723381, vstest.console.dll, ParallelOperationManager.ClearSlots: Clearing all slots. Slots should accept more work: True
TpTrace Verbose: 0 : 24720, 1, 2024/11/04, 12:22:25.622, 6769490728016, vstest.console.dll, ParallelOperationManager.SetOccupiedSlotCount: Setting slot counts AvailableSlotCount = 1, OccupiedSlotCount = 0.
TpTrace Verbose: 0 : 24720, 1, 2024/11/04, 12:22:25.622, 6769490730321, vstest.console.dll, Occupied slots:

TpTrace Verbose: 0 : 24720, 1, 2024/11/04, 12:22:25.624, 6769490754447, vstest.console.dll, TestEngine.GetExecutionManager: Chosen execution manager 'Microsoft.VisualStudio.TestPlatform.CrossPlatEngine.Client.Parallel.ParallelProxyExecutionManager, Microsoft.TestPlatform.CrossPlatEngine, Version=15.0.0.0, Culture=neutral, PublicKeyToken=b03f5f7f11d50a3a' ParallelLevel '1'.
TpTrace Verbose: 0 : 24720, 1, 2024/11/04, 12:22:25.624, 6769490756564, vstest.console.dll, TestPlatform.GetSkipDefaultAdapters: Not skipping default adapters SkipDefaultAdapters was false.
TpTrace Verbose: 0 : 24720, 1, 2024/11/04, 12:22:25.624, 6769490757282, vstest.console.dll, TestRunRequest.ExecuteAsync: Creating test run request.
TpTrace Verbose: 0 : 24720, 1, 2024/11/04, 12:22:25.625, 6769490758942, vstest.console.dll, TestRunRequest.ExecuteAsync: Starting.
TpTrace Information: 0 : 24720, 1, 2024/11/04, 12:22:25.627, 6769490779455, vstest.console.dll, TestRunRequest.ExecuteAsync: Starting run with settings:TestRunCriteria:
   KeepAlive=False,FrequencyOfRunStatsChangeEvent=10,RunStatsChangeEventTimeout=00:00:01.5000000,TestCaseFilter=,TestExecutorLauncher=
   Settingsxml=<RunSettings>
  <RunConfiguration>
    <ResultsDirectory>C:\Users\karol\Desktop\KTU\4 kursas\pacmen\TestProject\bin\Debug\net8.0\fine-code-coverage\coverage-tool-output</ResultsDirectory>
    <TargetPlatform>X64</TargetPlatform>
    <TargetFrameworkVersion>.NETCoreApp,Version=v8.0</TargetFrameworkVersion>
    <DesignMode>False</DesignMode>
    <CollectSourceInformation>False</CollectSourceInformation>
  </RunConfiguration>
  <LoggerRunSettings>
    <Loggers>
      <Logger friendlyName="blame" enabled="True" />
      <Logger friendlyName="Console" uri="logger://microsoft/TestPlatform/ConsoleLogger/v1" assemblyQualifiedName="Microsoft.VisualStudio.TestPlatform.CommandLine.Internal.ConsoleLogger, vstest.console, Version=15.0.0.0, Culture=neutral, PublicKeyToken=b03f5f7f11d50a3a" codeBase="C:\Program Files\dotnet\sdk\8.0.400\vstest.console.dll" enabled="True" />
    </Loggers>
  </LoggerRunSettings>
  <DataCollectionRunSettings>
    <DataCollectors>
      <DataCollector friendlyName="blame" enabled="True">
        <Configuration>
          <ResultsDirectory>C:\Users\karol\Desktop\KTU\4 kursas\pacmen\TestProject\bin\Debug\net8.0\fine-code-coverage\coverage-tool-output</ResultsDirectory>
        </Configuration>
      </DataCollector>
    </DataCollectors>
  </DataCollectionRunSettings>
</RunSettings>

TpTrace Verbose: 0 : 24720, 1, 2024/11/04, 12:22:25.627, 6769490780912, vstest.console.dll, TestRunRequest.ExecuteAsync: Wait for the first run request is over.
TpTrace Verbose: 0 : 24720, 1, 2024/11/04, 12:22:25.627, 6769490784199, vstest.console.dll, MulticastDelegateUtilities.SafeInvoke: TestRun.TestRunStart: Invoking callbacks was skipped because there are no subscribers.
TpTrace Verbose: 0 : 24720, 4, 2024/11/04, 12:22:25.627, 6769490787081, vstest.console.dll, MulticastDelegateUtilities.SafeInvoke: InternalTestLoggerEvents.SendTestRunStart: Invoking callback 1/1 for Microsoft.VisualStudio.TestPlatform.CommandLine.Internal.ConsoleLogger., took 0 ms.
TpTrace Verbose: 0 : 24720, 1, 2024/11/04, 12:22:25.628, 6769490793102, vstest.console.dll, ParallelProxyExecutionManager: Start execution. Total sources: 1
TpTrace Verbose: 0 : 24720, 1, 2024/11/04, 12:22:25.628, 6769490796049, vstest.console.dll, ParallelOperationManager.StartWork: Starting adding 1 workloads.
TpTrace Verbose: 0 : 24720, 1, 2024/11/04, 12:22:25.628, 6769490796519, vstest.console.dll, ParallelOperationManager.ClearSlots: Clearing all slots. Slots should accept more work: True
TpTrace Verbose: 0 : 24720, 1, 2024/11/04, 12:22:25.628, 6769490796985, vstest.console.dll, ParallelOperationManager.SetOccupiedSlotCount: Setting slot counts AvailableSlotCount = 1, OccupiedSlotCount = 0.
TpTrace Verbose: 0 : 24720, 1, 2024/11/04, 12:22:25.628, 6769490797218, vstest.console.dll, Occupied slots:

TpTrace Verbose: 0 : 24720, 1, 2024/11/04, 12:22:25.629, 6769490806385, vstest.console.dll, TestHostManagerCallbacks.ctor: Forwarding output is enabled.
TpTrace Verbose: 0 : 24720, 1, 2024/11/04, 12:22:25.630, 6769490808311, vstest.console.dll, TestRequestSender is acting as server.
TpTrace Verbose: 0 : 24720, 1, 2024/11/04, 12:22:25.630, 6769490815982, vstest.console.dll, ParallelOperationManager.RunWorkInParallel: Adding 1 workload to slot, remaining workloads 0.
TpTrace Verbose: 0 : 24720, 1, 2024/11/04, 12:22:25.630, 6769490816550, vstest.console.dll, ParallelOperationManager.SetOccupiedSlotCount: Setting slot counts AvailableSlotCount = 0, OccupiedSlotCount = 1.
TpTrace Verbose: 0 : 24720, 1, 2024/11/04, 12:22:25.630, 6769490817448, vstest.console.dll, Occupied slots:
0: C:\Users\karol\Desktop\KTU\4 kursas\pacmen\TestProject\bin\Debug\net8.0\fine-code-coverage\build-output\TestProject.dll
TpTrace Verbose: 0 : 24720, 1, 2024/11/04, 12:22:25.631, 6769490825881, vstest.console.dll, ParallelOperationManager.RunWorkInParallel: Started host in slot number 0 for work (source): C:\Users\karol\Desktop\KTU\4 kursas\pacmen\TestProject\bin\Debug\net8.0\fine-code-coverage\build-output\TestProject.dll.
TpTrace Verbose: 0 : 24720, 1, 2024/11/04, 12:22:25.633, 6769490838133, vstest.console.dll, ParallelOperationManager.RunWorkInParallel: We started 1 work items, which is the max parallel level. Won't start more work.
TpTrace Verbose: 0 : 24720, 1, 2024/11/04, 12:22:25.633, 6769490838796, vstest.console.dll, ParallelOperationManager.RunWorkInParallel: We started 1 work items in here, returning True.
TpTrace Information: 0 : 24720, 1, 2024/11/04, 12:22:25.633, 6769490839030, vstest.console.dll, TestRunRequest.ExecuteAsync: Started.
TpTrace Verbose: 0 : 24720, 5, 2024/11/04, 12:22:25.633, 6769490840338, vstest.console.dll, ParallelProxyExecutionManager.StartTestRunOnConcurrentManager: Initializing uninitialized client. Started clients: 0
TpTrace Verbose: 0 : 24720, 5, 2024/11/04, 12:22:25.633, 6769490842511, vstest.console.dll, DataCollectionRequestSender.InitializeCommunication : Initialize communication. 
TpTrace Verbose: 0 : 24720, 1, 2024/11/04, 12:22:25.633, 6769490843966, vstest.console.dll, TestRunRequest.WaitForCompletion: Waiting with timeout -1.
TpTrace Information: 0 : 24720, 5, 2024/11/04, 12:22:25.639, 6769490902735, vstest.console.dll, Listening on Endpoint : 127.0.0.1:2561
TpTrace Verbose: 0 : 24720, 5, 2024/11/04, 12:22:25.644, 6769490949312, vstest.console.dll, DotnetDataCollectionLauncher: Adding  --runtimeconfig "C:\Program Files\dotnet\sdk\8.0.400\datacollector.runtimeconfig.json" in args
TpTrace Verbose: 0 : 24720, 5, 2024/11/04, 12:22:25.644, 6769490950352, vstest.console.dll, DotnetDataCollectionLauncher: Adding  --depsfile "C:\Program Files\dotnet\sdk\8.0.400\datacollector.deps.json" in args
TpTrace Verbose: 0 : 24720, 5, 2024/11/04, 12:22:25.644, 6769490951501, vstest.console.dll, DotnetDataCollectionLauncher: Full path of dotnet.exe is C:\Program Files\dotnet\dotnet.exe
TpTrace Information: 0 : 24720, 5, 2024/11/04, 12:22:25.650, 6769491011202, vstest.console.dll, ProxyDataCollectionManager.Initialize: Launched datacollector processId: 11688 port: 2561
TpTrace Information: 0 : 24720, 5, 2024/11/04, 12:22:25.650, 6769491012789, vstest.console.dll, ProxyDataCollectionManager.Initialize: waiting for connection with timeout: 90 seconds
TpTrace Verbose: 0 : 24720, 5, 2024/11/04, 12:22:25.650, 6769491013230, vstest.console.dll, DataCollectionRequestSender.WaitForRequestHandlerConnection : Waiting for connection with timeout: 90000
TpTrace Information: 0 : 24720, 7, 2024/11/04, 12:22:25.770, 6769492215142, vstest.console.dll, Using the buffer size of 16384 bytes
TpTrace Information: 0 : 24720, 7, 2024/11/04, 12:22:25.770, 6769492216474, vstest.console.dll, Accepted Client request and set the flag
TpTrace Verbose: 0 : 24720, 5, 2024/11/04, 12:22:25.770, 6769492215329, vstest.console.dll, SocketCommunicationManager.WaitForClientConnection took: 120 ms, with 90000 ms timeout, and finished with True.
TpTrace Verbose: 0 : 24720, 5, 2024/11/04, 12:22:25.771, 6769492218167, vstest.console.dll, ProxyDataCollectionManager.InvokeDataCollectionServiceAction: Starting.
TpTrace Information: 0 : 24720, 5, 2024/11/04, 12:22:25.771, 6769492218822, vstest.console.dll, ProxyDataCollectionManager.BeforeTestRunStart: Get environment variable and port for datacollector processId: 11688 port: 2561
TpTrace Verbose: 0 : 24720, 5, 2024/11/04, 12:22:25.771, 6769492219559, vstest.console.dll, DataCollectionRequestSender.SendBeforeTestRunStartAndGetResult: Send BeforeTestRunStart message with settingsXml <RunSettings><RunConfiguration><ResultsDirectory>C:\Users\karol\Desktop\KTU\4 kursas\pacmen\TestProject\bin\Debug\net8.0\fine-code-coverage\coverage-tool-output</ResultsDirectory><TargetPlatform>X64</TargetPlatform><TargetFrameworkVersion>.NETCoreApp,Version=v8.0</TargetFrameworkVersion><DesignMode>False</DesignMode><CollectSourceInformation>False</CollectSourceInformation><TestAdaptersPaths>C:\Program Files\dotnet\sdk\8.0.400\Extensions</TestAdaptersPaths></RunConfiguration><LoggerRunSettings><Loggers><Logger friendlyName="blame" enabled="True" /><Logger friendlyName="Console" uri="logger://microsoft/TestPlatform/ConsoleLogger/v1" assemblyQualifiedName="Microsoft.VisualStudio.TestPlatform.CommandLine.Internal.ConsoleLogger, vstest.console, Version=15.0.0.0, Culture=neutral, PublicKeyToken=b03f5f7f11d50a3a" codeBase="C:\Program Files\dotnet\sdk\8.0.400\vstest.console.dll" enabled="True" /></Loggers></LoggerRunSettings><DataCollectionRunSettings><DataCollectors><DataCollector friendlyName="blame" enabled="True"><Configuration><ResultsDirectory>C:\Users\karol\Desktop\KTU\4 kursas\pacmen\TestProject\bin\Debug\net8.0\fine-code-coverage\coverage-tool-output</ResultsDirectory></Configuration></DataCollector></DataCollectors></DataCollectionRunSettings></RunSettings> and sources System.Collections.Generic.List`1[System.String]: 
TpTrace Verbose: 0 : 24720, 5, 2024/11/04, 12:22:25.810, 6769492617875, vstest.console.dll, DataCollectionRequestSender.SendBeforeTestRunStartAndGetResult: Received message: (DataCollection.SendMessage) -> {"MessageType":"DataCollection.SendMessage","Payload":{"FriendlyName":null,"Uri":null,"TestCaseId":"00000000-0000-0000-0000-000000000000","Message":"Logging DataCollector Diagnostics in file: C:\\Users\\karol\\Desktop\\KTU\\4 kursas\\pacmen\\TestProject\\bin\\Debug\\net8.0\\fine-code-coverage\\coverage-tool-output\\diagnostics.datacollector.24-11-04_12-22-25_64393_5.log","Level":0}}
TpTrace Verbose: 0 : 24720, 5, 2024/11/04, 12:22:25.879, 6769493300128, vstest.console.dll, DataCollectionRequestSender.SendBeforeTestRunStartAndGetResult: Received message: (DataCollection.BeforeTestRunStartResult) -> {"MessageType":"DataCollection.BeforeTestRunStartResult","Payload":{"EnvironmentVariables":{},"DataCollectionEventsPort":2563}}
TpTrace Information: 0 : 24720, 5, 2024/11/04, 12:22:25.882, 6769493336852, vstest.console.dll, ProxyDataCollectionManager.BeforeTestRunStart: SendBeforeTestRunStartAndGetResult successful, env variable from datacollector:   and testhost port: 2563
TpTrace Information: 0 : 24720, 5, 2024/11/04, 12:22:25.882, 6769493337962, vstest.console.dll, ProxyDataCollectionManager.InvokeDataCollectionServiceAction: Completed.
TpTrace Verbose: 0 : 24720, 5, 2024/11/04, 12:22:25.883, 6769493338168, vstest.console.dll, ParallelProxyExecutionManager.StartTestRunOnConcurrentManager: Initializing test run. Started clients: 0
TpTrace Verbose: 0 : 24720, 5, 2024/11/04, 12:22:25.883, 6769493338842, vstest.console.dll, ProxyExecutionManager: Test host is always Lazy initialize.
TpTrace Verbose: 0 : 24720, 5, 2024/11/04, 12:22:25.883, 6769493340462, vstest.console.dll, TestRequestSender.InitializeCommunication: initialize communication. 
TpTrace Information: 0 : 24720, 5, 2024/11/04, 12:22:25.883, 6769493344598, vstest.console.dll, SocketServer.Start: Listening on endpoint : 127.0.0.1:2564
TpTrace Verbose: 0 : 24720, 5, 2024/11/04, 12:22:25.884, 6769493350165, vstest.console.dll, DotnetTestHostmanager.GetTestHostProcessStartInfo: Platform environment 'X64' target architecture 'X64' framework '.NETCoreApp,Version=v8.0' OS 'Windows'
TpTrace Verbose: 0 : 24720, 5, 2024/11/04, 12:22:25.884, 6769493351860, vstest.console.dll, DotnetTestHostmanager: Adding  --runtimeconfig "C:\Users\karol\Desktop\KTU\4 kursas\pacmen\TestProject\bin\Debug\net8.0\fine-code-coverage\build-output\TestProject.runtimeconfig.json" in args
TpTrace Verbose: 0 : 24720, 5, 2024/11/04, 12:22:25.884, 6769493352387, vstest.console.dll, DotnetTestHostmanager: Adding  --depsfile "C:\Users\karol\Desktop\KTU\4 kursas\pacmen\TestProject\bin\Debug\net8.0\fine-code-coverage\build-output\TestProject.deps.json" in args
TpTrace Verbose: 0 : 24720, 5, 2024/11/04, 12:22:25.884, 6769493353678, vstest.console.dll, DotnetTestHostmanager.IsWinOnArm: Current PROCESSOR_ARCHITECTURE from environment variable 'AMD64'
TpTrace Verbose: 0 : 24720, 5, 2024/11/04, 12:22:25.884, 6769493354062, vstest.console.dll, DotnetTestHostmanager.IsWinOnArm: Is Windows on ARM 'False'
TpTrace Verbose: 0 : 24720, 5, 2024/11/04, 12:22:25.884, 6769493354580, vstest.console.dll, DotnetTestHostManager: testhost.exe found at path: C:\Users\karol\Desktop\KTU\4 kursas\pacmen\TestProject\bin\Debug\net8.0\fine-code-coverage\build-output\testhost.exe
TpTrace Verbose: 0 : 24720, 5, 2024/11/04, 12:22:25.884, 6769493354831, vstest.console.dll, DotnetTestHostmanager: Full path of host exe is C:\Users\karol\Desktop\KTU\4 kursas\pacmen\TestProject\bin\Debug\net8.0\fine-code-coverage\build-output\testhost.exe
TpTrace Verbose: 0 : 24720, 5, 2024/11/04, 12:22:25.884, 6769493355730, vstest.console.dll, DotnetTestHostmanager.LaunchTestHostAsync: Found 'VSTEST_WINAPPHOST_DOTNET_ROOT' in env variables, value 'C:\Program Files\dotnet', forwarding to 'DOTNET_ROOT'
TpTrace Verbose: 0 : 24720, 5, 2024/11/04, 12:22:25.884, 6769493356690, vstest.console.dll, DotnetTestHostManager: Starting process 'C:\Users\karol\Desktop\KTU\4 kursas\pacmen\TestProject\bin\Debug\net8.0\fine-code-coverage\build-output\testhost.exe' with command line ' --runtimeconfig "C:\Users\karol\Desktop\KTU\4 kursas\pacmen\TestProject\bin\Debug\net8.0\fine-code-coverage\build-output\TestProject.runtimeconfig.json" --depsfile "C:\Users\karol\Desktop\KTU\4 kursas\pacmen\TestProject\bin\Debug\net8.0\fine-code-coverage\build-output\TestProject.deps.json" --port 2564 --endpoint 127.0.0.1:02564 --role client --parentprocessid 24720 --diag "C:\Users\karol\Desktop\KTU\4 kursas\pacmen\TestProject\bin\Debug\net8.0\fine-code-coverage\coverage-tool-output\diagnostics.host.24-11-04_12-22-25_88394_5.log" --tracelevel 4 --datacollectionport 2563 --telemetryoptedin false'
TpTrace Verbose: 0 : 24720, 5, 2024/11/04, 12:22:25.890, 6769493413484, vstest.console.dll, MulticastDelegateUtilities.SafeInvoke: HostProviderEvents.OnHostLaunched: Invoking callback 1/2 for Microsoft.VisualStudio.TestPlatform.CrossPlatEngine.Client.ProxyExecutionManagerWithDataCollection., took 0 ms.
TpTrace Verbose: 0 : 24720, 5, 2024/11/04, 12:22:25.890, 6769493416667, vstest.console.dll, Test Runtime launched
TpTrace Verbose: 0 : 24720, 5, 2024/11/04, 12:22:25.890, 6769493417185, vstest.console.dll, MulticastDelegateUtilities.SafeInvoke: HostProviderEvents.OnHostLaunched: Invoking callback 2/2 for Microsoft.VisualStudio.TestPlatform.CrossPlatEngine.Client.ProxyOperationManager., took 0 ms.
TpTrace Verbose: 0 : 24720, 5, 2024/11/04, 12:22:25.891, 6769493418294, vstest.console.dll, TestRequestSender.WaitForRequestHandlerConnection: waiting for connection with timeout: 90000.
TpTrace Verbose: 0 : 24720, 13, 2024/11/04, 12:22:26.021, 6769494718476, vstest.console.dll, MulticastDelegateUtilities.SafeInvoke: SocketServer: ClientConnected: Invoking callback 1/1 for Microsoft.VisualStudio.TestPlatform.CommunicationUtilities.TestRequestSender., took 0 ms.
TpTrace Verbose: 0 : 24720, 13, 2024/11/04, 12:22:26.021, 6769494720036, vstest.console.dll, SocketServer.OnClientConnected: Client connected for endPoint: 127.0.0.1:2564, starting MessageLoopAsync:
TpTrace Verbose: 0 : 24720, 5, 2024/11/04, 12:22:26.021, 6769494719013, vstest.console.dll, TestRequestSender.WaitForRequestHandlerConnection: waiting took 130 ms, with timeout 90000 ms, and result 0, which is success.
TpTrace Verbose: 0 : 24720, 13, 2024/11/04, 12:22:26.021, 6769494724643, vstest.console.dll, TcpClientExtensions.MessageLoopAsync: Polling on remoteEndPoint: 127.0.0.1:2565 localEndPoint: 127.0.0.1:2564 after 0 ms
TpTrace Verbose: 0 : 24720, 5, 2024/11/04, 12:22:26.022, 6769494733388, vstest.console.dll, TestRequestSender.CheckVersionWithTestHost: Sending check version message: {"MessageType":"ProtocolVersion","Payload":7}
TpTrace Verbose: 0 : 24720, 13, 2024/11/04, 12:22:26.098, 6769495493409, vstest.console.dll, TcpClientExtensions.MessageLoopAsync: NotifyDataAvailable remoteEndPoint: 127.0.0.1:2565 localEndPoint: 127.0.0.1:2564
TpTrace Verbose: 0 : 24720, 13, 2024/11/04, 12:22:26.098, 6769495496992, vstest.console.dll, TestRequestSender.CheckVersionWithTestHost: onMessageReceived received message: (ProtocolVersion) -> {"MessageType":"ProtocolVersion","Payload":7}
TpTrace Verbose: 0 : 24720, 13, 2024/11/04, 12:22:26.099, 6769495504229, vstest.console.dll, MulticastDelegateUtilities.SafeInvoke: LengthPrefixCommunicationChannel: MessageReceived: Invoking callback 1/1 for Microsoft.VisualStudio.TestPlatform.CommunicationUtilities.TestRequestSender+<>c__DisplayClass29_0., took 0 ms.
TpTrace Verbose: 0 : 24720, 13, 2024/11/04, 12:22:26.099, 6769495504947, vstest.console.dll, TcpClientExtensions.MessageLoopAsync: Polling on remoteEndPoint: 127.0.0.1:2565 localEndPoint: 127.0.0.1:2564 after 77 ms
TpTrace Verbose: 0 : 24720, 5, 2024/11/04, 12:22:26.099, 6769495505402, vstest.console.dll, TestPluginCache.GetExtensionPaths: Filtered extension paths: 
TpTrace Verbose: 0 : 24720, 5, 2024/11/04, 12:22:26.099, 6769495505923, vstest.console.dll, TestPluginCache.GetExtensionPaths: Added default extension paths: C:\Program Files\dotnet\sdk\8.0.400\Extensions\Microsoft.Diagnostics.NETCore.Client.dll
C:\Program Files\dotnet\sdk\8.0.400\Extensions\Microsoft.TestPlatform.Extensions.BlameDataCollector.dll
C:\Program Files\dotnet\sdk\8.0.400\Extensions\Microsoft.TestPlatform.Extensions.EventLogCollector.dll
C:\Program Files\dotnet\sdk\8.0.400\Extensions\Microsoft.TestPlatform.TestHostRuntimeProvider.dll
C:\Program Files\dotnet\sdk\8.0.400\Extensions\Microsoft.VisualStudio.TestPlatform.Extensions.Html.TestLogger.dll
C:\Program Files\dotnet\sdk\8.0.400\Extensions\Microsoft.VisualStudio.TestPlatform.Extensions.Trx.TestLogger.dll
TpTrace Verbose: 0 : 24720, 5, 2024/11/04, 12:22:26.099, 6769495506245, vstest.console.dll, TestPluginCache.GetExtensionPaths: Added unfilterableExtensionPaths: 
TpTrace Verbose: 0 : 24720, 5, 2024/11/04, 12:22:26.102, 6769495529890, vstest.console.dll, TestRequestSender.InitializeExecution: Sending initialize execution with message: {"Version":7,"MessageType":"TestExecution.Initialize","Payload":["C:\\Users\\karol\\Desktop\\KTU\\4 kursas\\pacmen\\TestProject\\bin\\Debug\\net8.0\\fine-code-coverage\\build-output\\xunit.runner.visualstudio.dotnetcore.testadapter.dll"]}
TpTrace Verbose: 0 : 24720, 5, 2024/11/04, 12:22:26.102, 6769495532040, vstest.console.dll, ParallelProxyExecutionManager.StartTestRunOnConcurrentManager: Execution starting. Started clients: 1
TpTrace Verbose: 0 : 24720, 5, 2024/11/04, 12:22:26.102, 6769495534763, vstest.console.dll, TestRunRequest:SendTestRunMessage: Starting.
TpTrace Verbose: 0 : 24720, 5, 2024/11/04, 12:22:26.102, 6769495536366, vstest.console.dll, MulticastDelegateUtilities.SafeInvoke: TestRun.LogMessages: Invoking callback 1/1 for Microsoft.VisualStudio.TestPlatform.CommandLine.TestRunResultAggregator., took 0 ms.
TpTrace Verbose: 0 : 24720, 13, 2024/11/04, 12:22:26.102, 6769495536379, vstest.console.dll, TcpClientExtensions.MessageLoopAsync: NotifyDataAvailable remoteEndPoint: 127.0.0.1:2565 localEndPoint: 127.0.0.1:2564
TpTrace Information: 0 : 24720, 5, 2024/11/04, 12:22:26.102, 6769495536724, vstest.console.dll, TestRunRequest:SendTestRunMessage: Completed.
TpTrace Verbose: 0 : 24720, 4, 2024/11/04, 12:22:26.103, 6769495539397, vstest.console.dll, MulticastDelegateUtilities.SafeInvoke: InternalTestLoggerEvents.SendTestRunMessage: Invoking callback 1/1 for Microsoft.VisualStudio.TestPlatform.CommandLine.Internal.ConsoleLogger., took 0 ms.
TpTrace Warning: 0 : 24720, 5, 2024/11/04, 12:22:26.103, 6769495540672, vstest.console.dll, InferRunSettingsHelper.MakeRunsettingsCompatible: Removing the following settings: TargetPlatform from RunSettings file. To use those settings please move to latest version of Microsoft.NET.Test.Sdk
TpTrace Verbose: 0 : 24720, 13, 2024/11/04, 12:22:26.103, 6769495546537, vstest.console.dll, TestRequestSender.OnExecutionMessageReceived: Received message: {"Version":7,"MessageType":"TestSession.Message","Payload":{"MessageLevel":0,"Message":"Logging TestHost Diagnostics in file: C:\\Users\\karol\\Desktop\\KTU\\4 kursas\\pacmen\\TestProject\\bin\\Debug\\net8.0\\fine-code-coverage\\coverage-tool-output\\diagnostics.host.24-11-04_12-22-25_88394_5.log"}}
TpTrace Verbose: 0 : 24720, 13, 2024/11/04, 12:22:26.106, 6769495569278, vstest.console.dll, TestRunRequest:SendTestRunMessage: Starting.
TpTrace Verbose: 0 : 24720, 13, 2024/11/04, 12:22:26.106, 6769495570774, vstest.console.dll, MulticastDelegateUtilities.SafeInvoke: TestRun.LogMessages: Invoking callback 1/1 for Microsoft.VisualStudio.TestPlatform.CommandLine.TestRunResultAggregator., took 0 ms.
TpTrace Information: 0 : 24720, 13, 2024/11/04, 12:22:26.106, 6769495571043, vstest.console.dll, TestRunRequest:SendTestRunMessage: Completed.
TpTrace Verbose: 0 : 24720, 13, 2024/11/04, 12:22:26.106, 6769495571278, vstest.console.dll, MulticastDelegateUtilities.SafeInvoke: LengthPrefixCommunicationChannel: MessageReceived: Invoking callback 1/1 for Microsoft.VisualStudio.TestPlatform.CommunicationUtilities.TestRequestSender+<>c__DisplayClass34_0., took 2 ms.
TpTrace Verbose: 0 : 24720, 13, 2024/11/04, 12:22:26.106, 6769495571532, vstest.console.dll, TcpClientExtensions.MessageLoopAsync: Polling on remoteEndPoint: 127.0.0.1:2565 localEndPoint: 127.0.0.1:2564 after 6 ms
TpTrace Verbose: 0 : 24720, 4, 2024/11/04, 12:22:26.106, 6769495571424, vstest.console.dll, MulticastDelegateUtilities.SafeInvoke: InternalTestLoggerEvents.SendTestRunMessage: Invoking callback 1/1 for Microsoft.VisualStudio.TestPlatform.CommandLine.Internal.ConsoleLogger., took 0 ms.
TpTrace Verbose: 0 : 24720, 5, 2024/11/04, 12:22:26.108, 6769495588447, vstest.console.dll, TestRequestSender.StartTestRun: Sending test run with message: {"Version":7,"MessageType":"TestExecution.StartWithSources","Payload":{"AdapterSourceMap":{"_none_":["C:\\Users\\karol\\Desktop\\KTU\\4 kursas\\pacmen\\TestProject\\bin\\Debug\\net8.0\\fine-code-coverage\\build-output\\TestProject.dll"]},"RunSettings":"<RunSettings>\r\n  <RunConfiguration>\r\n    <ResultsDirectory>C:\\Users\\karol\\Desktop\\KTU\\4 kursas\\pacmen\\TestProject\\bin\\Debug\\net8.0\\fine-code-coverage\\coverage-tool-output</ResultsDirectory>\r\n    <TargetFrameworkVersion>.NETCoreApp,Version=v8.0</TargetFrameworkVersion>\r\n    <DesignMode>False</DesignMode>\r\n    <CollectSourceInformation>False</CollectSourceInformation>\r\n  </RunConfiguration>\r\n  <LoggerRunSettings>\r\n    <Loggers>\r\n      <Logger friendlyName=\"blame\" enabled=\"True\" />\r\n      <Logger friendlyName=\"Console\" uri=\"logger://microsoft/TestPlatform/ConsoleLogger/v1\" assemblyQualifiedName=\"Microsoft.VisualStudio.TestPlatform.CommandLine.Internal.ConsoleLogger, vstest.console, Version=15.0.0.0, Culture=neutral, PublicKeyToken=b03f5f7f11d50a3a\" codeBase=\"C:\\Program Files\\dotnet\\sdk\\8.0.400\\vstest.console.dll\" enabled=\"True\" />\r\n    </Loggers>\r\n  </LoggerRunSettings>\r\n  <DataCollectionRunSettings>\r\n    <DataCollectors>\r\n      <DataCollector friendlyName=\"blame\" enabled=\"True\">\r\n        <Configuration>\r\n          <ResultsDirectory>C:\\Users\\karol\\Desktop\\KTU\\4 kursas\\pacmen\\TestProject\\bin\\Debug\\net8.0\\fine-code-coverage\\coverage-tool-output</ResultsDirectory>\r\n        </Configuration>\r\n      </DataCollector>\r\n    </DataCollectors>\r\n  </DataCollectionRunSettings>\r\n</RunSettings>","TestExecutionContext":{"FrequencyOfRunStatsChangeEvent":10,"RunStatsChangeEventTimeout":"00:00:01.5000000","InIsolation":false,"KeepAlive":false,"AreTestCaseLevelEventsRequired":false,"IsDebug":false,"TestCaseFilter":null,"FilterOptions":null},"Package":null}}
TpTrace Verbose: 0 : 24720, 5, 2024/11/04, 12:22:26.108, 6769495590410, vstest.console.dll, ParallelProxyExecutionManager.StartTestRunOnConcurrentManager: Execution started. Started clients: 1
TpTrace Verbose: 0 : 24720, 13, 2024/11/04, 12:22:26.209, 6769496607376, vstest.console.dll, TcpClientExtensions.MessageLoopAsync: NotifyDataAvailable remoteEndPoint: 127.0.0.1:2565 localEndPoint: 127.0.0.1:2564
TpTrace Verbose: 0 : 24720, 13, 2024/11/04, 12:22:26.210, 6769496609193, vstest.console.dll, TestRequestSender.OnExecutionMessageReceived: Received message: {"Version":7,"MessageType":"TestSession.Message","Payload":{"MessageLevel":0,"Message":"[xUnit.net 00:00:00.00] xUnit.net VSTest Adapter v2.5.3.1+6b60a9e56a (64-bit .NET 8.0.8)"}}
TpTrace Verbose: 0 : 24720, 13, 2024/11/04, 12:22:26.210, 6769496611432, vstest.console.dll, TestRunRequest:SendTestRunMessage: Starting.
TpTrace Verbose: 0 : 24720, 13, 2024/11/04, 12:22:26.210, 6769496612256, vstest.console.dll, MulticastDelegateUtilities.SafeInvoke: TestRun.LogMessages: Invoking callback 1/1 for Microsoft.VisualStudio.TestPlatform.CommandLine.TestRunResultAggregator., took 0 ms.
TpTrace Information: 0 : 24720, 13, 2024/11/04, 12:22:26.210, 6769496612712, vstest.console.dll, TestRunRequest:SendTestRunMessage: Completed.
TpTrace Verbose: 0 : 24720, 4, 2024/11/04, 12:22:26.210, 6769496612856, vstest.console.dll, MulticastDelegateUtilities.SafeInvoke: InternalTestLoggerEvents.SendTestRunMessage: Invoking callback 1/1 for Microsoft.VisualStudio.TestPlatform.CommandLine.Internal.ConsoleLogger., took 0 ms.
TpTrace Verbose: 0 : 24720, 13, 2024/11/04, 12:22:26.210, 6769496613059, vstest.console.dll, MulticastDelegateUtilities.SafeInvoke: LengthPrefixCommunicationChannel: MessageReceived: Invoking callback 1/1 for Microsoft.VisualStudio.TestPlatform.CommunicationUtilities.TestRequestSender+<>c__DisplayClass34_0., took 0 ms.
TpTrace Verbose: 0 : 24720, 13, 2024/11/04, 12:22:26.210, 6769496614569, vstest.console.dll, TcpClientExtensions.MessageLoopAsync: Polling on remoteEndPoint: 127.0.0.1:2565 localEndPoint: 127.0.0.1:2564 after 104 ms
TpTrace Verbose: 0 : 24720, 13, 2024/11/04, 12:22:26.267, 6769497186717, vstest.console.dll, TcpClientExtensions.MessageLoopAsync: NotifyDataAvailable remoteEndPoint: 127.0.0.1:2565 localEndPoint: 127.0.0.1:2564
TpTrace Verbose: 0 : 24720, 13, 2024/11/04, 12:22:26.268, 6769497188702, vstest.console.dll, TestRequestSender.OnExecutionMessageReceived: Received message: {"Version":7,"MessageType":"TestSession.Message","Payload":{"MessageLevel":0,"Message":"[xUnit.net 00:00:00.06]   Discovering: TestProject"}}
TpTrace Verbose: 0 : 24720, 13, 2024/11/04, 12:22:26.268, 6769497189926, vstest.console.dll, TestRunRequest:SendTestRunMessage: Starting.
TpTrace Verbose: 0 : 24720, 13, 2024/11/04, 12:22:26.268, 6769497190607, vstest.console.dll, MulticastDelegateUtilities.SafeInvoke: TestRun.LogMessages: Invoking callback 1/1 for Microsoft.VisualStudio.TestPlatform.CommandLine.TestRunResultAggregator., took 0 ms.
TpTrace Information: 0 : 24720, 13, 2024/11/04, 12:22:26.268, 6769497191060, vstest.console.dll, TestRunRequest:SendTestRunMessage: Completed.
TpTrace Verbose: 0 : 24720, 13, 2024/11/04, 12:22:26.268, 6769497191413, vstest.console.dll, MulticastDelegateUtilities.SafeInvoke: LengthPrefixCommunicationChannel: MessageReceived: Invoking callback 1/1 for Microsoft.VisualStudio.TestPlatform.CommunicationUtilities.TestRequestSender+<>c__DisplayClass34_0., took 0 ms.
TpTrace Verbose: 0 : 24720, 13, 2024/11/04, 12:22:26.268, 6769497191843, vstest.console.dll, TcpClientExtensions.MessageLoopAsync: Polling on remoteEndPoint: 127.0.0.1:2565 localEndPoint: 127.0.0.1:2564 after 57 ms
TpTrace Verbose: 0 : 24720, 4, 2024/11/04, 12:22:26.268, 6769497191435, vstest.console.dll, MulticastDelegateUtilities.SafeInvoke: InternalTestLoggerEvents.SendTestRunMessage: Invoking callback 1/1 for Microsoft.VisualStudio.TestPlatform.CommandLine.Internal.ConsoleLogger., took 0 ms.
TpTrace Verbose: 0 : 24720, 13, 2024/11/04, 12:22:26.307, 6769497579793, vstest.console.dll, TcpClientExtensions.MessageLoopAsync: NotifyDataAvailable remoteEndPoint: 127.0.0.1:2565 localEndPoint: 127.0.0.1:2564
TpTrace Verbose: 0 : 24720, 13, 2024/11/04, 12:22:26.309, 6769497602951, vstest.console.dll, TestRequestSender.OnExecutionMessageReceived: Received message: {"Version":7,"MessageType":"TestSession.Message","Payload":{"MessageLevel":0,"Message":"[xUnit.net 00:00:00.10]   Discovered:  TestProject"}}
TpTrace Verbose: 0 : 24720, 13, 2024/11/04, 12:22:26.309, 6769497604771, vstest.console.dll, TestRunRequest:SendTestRunMessage: Starting.
TpTrace Verbose: 0 : 24720, 13, 2024/11/04, 12:22:26.309, 6769497605547, vstest.console.dll, MulticastDelegateUtilities.SafeInvoke: TestRun.LogMessages: Invoking callback 1/1 for Microsoft.VisualStudio.TestPlatform.CommandLine.TestRunResultAggregator., took 0 ms.
TpTrace Information: 0 : 24720, 13, 2024/11/04, 12:22:26.309, 6769497605872, vstest.console.dll, TestRunRequest:SendTestRunMessage: Completed.
TpTrace Verbose: 0 : 24720, 13, 2024/11/04, 12:22:26.309, 6769497606153, vstest.console.dll, MulticastDelegateUtilities.SafeInvoke: LengthPrefixCommunicationChannel: MessageReceived: Invoking callback 1/1 for Microsoft.VisualStudio.TestPlatform.CommunicationUtilities.TestRequestSender+<>c__DisplayClass34_0., took 0 ms.
TpTrace Verbose: 0 : 24720, 13, 2024/11/04, 12:22:26.309, 6769497606406, vstest.console.dll, TcpClientExtensions.MessageLoopAsync: Polling on remoteEndPoint: 127.0.0.1:2565 localEndPoint: 127.0.0.1:2564 after 41 ms
TpTrace Verbose: 0 : 24720, 4, 2024/11/04, 12:22:26.309, 6769497606566, vstest.console.dll, MulticastDelegateUtilities.SafeInvoke: InternalTestLoggerEvents.SendTestRunMessage: Invoking callback 1/1 for Microsoft.VisualStudio.TestPlatform.CommandLine.Internal.ConsoleLogger., took 0 ms.
TpTrace Verbose: 0 : 24720, 13, 2024/11/04, 12:22:26.309, 6769497606790, vstest.console.dll, TcpClientExtensions.MessageLoopAsync: NotifyDataAvailable remoteEndPoint: 127.0.0.1:2565 localEndPoint: 127.0.0.1:2564
TpTrace Verbose: 0 : 24720, 13, 2024/11/04, 12:22:26.310, 6769497609629, vstest.console.dll, TestRequestSender.OnExecutionMessageReceived: Received message: {"Version":7,"MessageType":"TestSession.Message","Payload":{"MessageLevel":0,"Message":"[xUnit.net 00:00:00.10]   Starting:    TestProject"}}
TpTrace Verbose: 0 : 24720, 13, 2024/11/04, 12:22:26.310, 6769497611147, vstest.console.dll, TestRunRequest:SendTestRunMessage: Starting.
TpTrace Verbose: 0 : 24720, 13, 2024/11/04, 12:22:26.310, 6769497611943, vstest.console.dll, MulticastDelegateUtilities.SafeInvoke: TestRun.LogMessages: Invoking callback 1/1 for Microsoft.VisualStudio.TestPlatform.CommandLine.TestRunResultAggregator., took 0 ms.
TpTrace Information: 0 : 24720, 13, 2024/11/04, 12:22:26.310, 6769497612383, vstest.console.dll, TestRunRequest:SendTestRunMessage: Completed.
TpTrace Verbose: 0 : 24720, 13, 2024/11/04, 12:22:26.310, 6769497612898, vstest.console.dll, MulticastDelegateUtilities.SafeInvoke: LengthPrefixCommunicationChannel: MessageReceived: Invoking callback 1/1 for Microsoft.VisualStudio.TestPlatform.CommunicationUtilities.TestRequestSender+<>c__DisplayClass34_0., took 0 ms.
TpTrace Verbose: 0 : 24720, 4, 2024/11/04, 12:22:26.310, 6769497612397, vstest.console.dll, MulticastDelegateUtilities.SafeInvoke: InternalTestLoggerEvents.SendTestRunMessage: Invoking callback 1/1 for Microsoft.VisualStudio.TestPlatform.CommandLine.Internal.ConsoleLogger., took 0 ms.
TpTrace Verbose: 0 : 24720, 13, 2024/11/04, 12:22:26.310, 6769497613502, vstest.console.dll, TcpClientExtensions.MessageLoopAsync: Polling on remoteEndPoint: 127.0.0.1:2565 localEndPoint: 127.0.0.1:2564 after 0 ms
TpTrace Verbose: 0 : 24720, 7, 2024/11/04, 12:22:26.419, 6769498707498, vstest.console.dll, TestHostManagerCallbacks.StandardOutputReceivedCallback Test host standard output line: test
TpTrace Verbose: 0 : 24720, 7, 2024/11/04, 12:22:26.420, 6769498710426, vstest.console.dll, MulticastDelegateUtilities.SafeInvoke: TestRunMessageLoggerProxy.SendMessage: Invoking callback 1/1 for Microsoft.VisualStudio.TestPlatform.Common.Logging.InternalTestLoggerEvents., took 0 ms.
TpTrace Verbose: 0 : 24720, 4, 2024/11/04, 12:22:26.420, 6769498711021, vstest.console.dll, MulticastDelegateUtilities.SafeInvoke: InternalTestLoggerEvents.SendMessage: Invoking callback 1/1 for Microsoft.VisualStudio.TestPlatform.CommandLine.Internal.ConsoleLogger., took 0 ms.
TpTrace Verbose: 0 : 24720, 7, 2024/11/04, 12:22:26.420, 6769498712695, vstest.console.dll, TestHostManagerCallbacks.StandardOutputReceivedCallback Test host standard output line: Up
TpTrace Verbose: 0 : 24720, 7, 2024/11/04, 12:22:26.420, 6769498713560, vstest.console.dll, MulticastDelegateUtilities.SafeInvoke: TestRunMessageLoggerProxy.SendMessage: Invoking callback 1/1 for Microsoft.VisualStudio.TestPlatform.Common.Logging.InternalTestLoggerEvents., took 0 ms.
TpTrace Verbose: 0 : 24720, 4, 2024/11/04, 12:22:26.420, 6769498713855, vstest.console.dll, MulticastDelegateUtilities.SafeInvoke: InternalTestLoggerEvents.SendMessage: Invoking callback 1/1 for Microsoft.VisualStudio.TestPlatform.CommandLine.Internal.ConsoleLogger., took 0 ms.
TpTrace Verbose: 0 : 24720, 13, 2024/11/04, 12:22:26.423, 6769498743462, vstest.console.dll, TcpClientExtensions.MessageLoopAsync: NotifyDataAvailable remoteEndPoint: 127.0.0.1:2565 localEndPoint: 127.0.0.1:2564
TpTrace Verbose: 0 : 24720, 13, 2024/11/04, 12:22:26.424, 6769498748632, vstest.console.dll, TestRequestSender.OnExecutionMessageReceived: Received message: {"Version":7,"MessageType":"TestExecution.StatsChange","Payload":{"NewTestResults":[{"TestCase":{"Id":"0734b43b-feb0-9054-97fd-3d2839c6fd1c","FullyQualifiedName":"GameServiceTests.Pause_SetsPausedStateAndPauser","DisplayName":"GameServiceTests.Pause_SetsPausedStateAndPauser(playerId: \"player2\")","ExecutorUri":"executor://xunit/VsTestRunner2/netcoreapp","Source":"C:\\Users\\karol\\Desktop\\KTU\\4 kursas\\pacmen\\TestProject\\bin\\Debug\\net8.0\\fine-code-coverage\\build-output\\TestProject.dll","CodeFilePath":null,"LineNumber":0,"Properties":[]},"Attachments":[],"Outcome":1,"ErrorMessage":null,"ErrorStackTrace":null,"DisplayName":"GameServiceTests.Pause_SetsPausedStateAndPauser(playerId: \"player2\")","Messages":[],"ComputerName":"KAROLINA","Duration":"00:00:00.0059639","StartTime":"2024-11-04T10:22:26.3792041+00:00","EndTime":"2024-11-04T10:22:26.3792167+00:00","Properties":[]},{"TestCase":{"Id":"6b1a6497-7a64-e177-9887-3acce3427585","FullyQualifiedName":"GameMapTests.GetTileStatus_OutOfBounds_ThrowsException","DisplayName":"GameMapTests.GetTileStatus_OutOfBounds_ThrowsException","ExecutorUri":"executor://xunit/VsTestRunner2/netcoreapp","Source":"C:\\Users\\karol\\Desktop\\KTU\\4 kursas\\pacmen\\TestProject\\bin\\Debug\\net8.0\\fine-code-coverage\\build-output\\TestProject.dll","CodeFilePath":null,"LineNumber":0,"Properties":[]},"Attachments":[],"Outcome":1,"ErrorMessage":null,"ErrorStackTrace":null,"DisplayName":"GameMapTests.GetTileStatus_OutOfBounds_ThrowsException","Messages":[],"ComputerName":"KAROLINA","Duration":"00:00:00.0027240","StartTime":"2024-11-04T10:22:26.3927976+00:00","EndTime":"2024-11-04T10:22:26.3927978+00:00","Properties":[]},{"TestCase":{"Id":"28b621bd-0741-1cf3-ac93-c7b87af1a1aa","FullyQualifiedName":"ItemSingletonTests.GetInstance_ReturnsSameInstance","DisplayName":"ItemSingletonTests.GetInstance_ReturnsSameInstance","ExecutorUri":"executor://xunit/VsTestRunner2/netcoreapp","Source":"C:\\Users\\karol\\Desktop\\KTU\\4 kursas\\pacmen\\TestProject\\bin\\Debug\\net8.0\\fine-code-coverage\\build-output\\TestProject.dll","CodeFilePath":null,"LineNumber":0,"Properties":[]},"Attachments":[],"Outcome":1,"ErrorMessage":null,"ErrorStackTrace":null,"DisplayName":"ItemSingletonTests.GetInstance_ReturnsSameInstance","Messages":[],"ComputerName":"KAROLINA","Duration":"00:00:00.0027700","StartTime":"2024-11-04T10:22:26.3961925+00:00","EndTime":"2024-11-04T10:22:26.3961925+00:00","Properties":[]},{"TestCase":{"Id":"5ff68b4d-4820-14f0-fddf-a2e3e3645154","FullyQualifiedName":"MovementTimerServiceSingletonTests.EnemyCanMove_ReturnsTrueWhenIntervalReached","DisplayName":"MovementTimerServiceSingletonTests.EnemyCanMove_ReturnsTrueWhenIntervalReached","ExecutorUri":"executor://xunit/VsTestRunner2/netcoreapp","Source":"C:\\Users\\karol\\Desktop\\KTU\\4 kursas\\pacmen\\TestProject\\bin\\Debug\\net8.0\\fine-code-coverage\\build-output\\TestProject.dll","CodeFilePath":null,"LineNumber":0,"Properties":[]},"Attachments":[],"Outcome":1,"ErrorMessage":null,"ErrorStackTrace":null,"DisplayName":"MovementTimerServiceSingletonTests.EnemyCanMove_ReturnsTrueWhenIntervalReached","Messages":[],"ComputerName":"KAROLINA","Duration":"00:00:00.0043542","StartTime":"2024-11-04T10:22:26.3978479+00:00","EndTime":"2024-11-04T10:22:26.397848+00:00","Properties":[]}],"TestRunStatistics":{"ExecutedTests":4,"Stats":{"Passed":4}},"ActiveTests":[{"Id":"2ff305c7-6f9f-9488-c115-d838531f519d","FullyQualifiedName":"GameHubTests.ReceivedDirection_ValidMovement_CallsStorePlayerInput","DisplayName":"GameHubTests.ReceivedDirection_ValidMovement_CallsStorePlayerInput","ExecutorUri":"executor://xunit/VsTestRunner2/netcoreapp","Source":"C:\\Users\\karol\\Desktop\\KTU\\4 kursas\\pacmen\\TestProject\\bin\\Debug\\net8.0\\fine-code-coverage\\build-output\\TestProject.dll","CodeFilePath":null,"LineNumber":0,"Properties":[]},{"Id":"d806147e-a377-9c90-7437-35e68fd510de","FullyQualifiedName":"ItemTests.Item_InitializesCorrectly","DisplayName":"ItemTests.Item_InitializesCorrectly","ExecutorUri":"executor://xunit/VsTestRunner2/netcoreapp","Source":"C:\\Users\\karol\\Desktop\\KTU\\4 kursas\\pacmen\\TestProject\\bin\\Debug\\net8.0\\fine-code-coverage\\build-output\\TestProject.dll","CodeFilePath":null,"LineNumber":0,"Properties":[]},{"Id":"e6d67f51-9275-2ad9-ab2b-e7fb3fa404a3","FullyQualifiedName":"GameObjectTests.UpdateDirection_ChangesDirectionCorrectly","DisplayName":"GameObjectTests.UpdateDirection_ChangesDirectionCorrectly(direction: Right)","ExecutorUri":"executor://xunit/VsTestRunner2/netcoreapp","Source":"C:\\Users\\karol\\Desktop\\KTU\\4 kursas\\pacmen\\TestProject\\bin\\Debug\\net8.0\\fine-code-coverage\\build-output\\TestProject.dll","CodeFilePath":null,"LineNumber":0,"Properties":[]},{"Id":"9883e32d-010e-7230-b3ce-e2d0355cba6b","FullyQualifiedName":"GameLoopTests.Start_SetsUpGameCorrectly","DisplayName":"GameLoopTests.Start_SetsUpGameCorrectly","ExecutorUri":"executor://xunit/VsTestRunner2/netcoreapp","Source":"C:\\Users\\karol\\Desktop\\KTU\\4 kursas\\pacmen\\TestProject\\bin\\Debug\\net8.0\\fine-code-coverage\\build-output\\TestProject.dll","CodeFilePath":null,"LineNumber":0,"Properties":[]},{"Id":"2bced8eb-5b02-7ba6-9b33-53ed14f55340","FullyQualifiedName":"MessageServiceTests.ResetAfterLevelChange_DecreasesLevelAndClearsInputs","DisplayName":"MessageServiceTests.ResetAfterLevelChange_DecreasesLevelAndClearsInputs","ExecutorUri":"executor://xunit/VsTestRunner2/netcoreapp","Source":"C:\\Users\\karol\\Desktop\\KTU\\4 kursas\\pacmen\\TestProject\\bin\\Debug\\net8.0\\fine-code-coverage\\build-output\\TestProject.dll","CodeFilePath":null,"LineNumber":0,"Properties":[]},{"Id":"1a3901af-bb4b-65f6-5f5d-d2ae82b7f216","FullyQualifiedName":"GameServiceTests.Pause_SetsPausedStateAndPauser","DisplayName":"GameServiceTests.Pause_SetsPausedStateAndPauser(playerId: \"player1\")","ExecutorUri":"executor://xunit/VsTestRunner2/netcoreapp","Source":"C:\\Users\\karol\\Desktop\\KTU\\4 kursas\\pacmen\\TestProject\\bin\\Debug\\net8.0\\fine-code-coverage\\build-output\\TestProject.dll","CodeFilePath":null,"LineNumber":0,"Properties":[]}]}}
TpTrace Verbose: 0 : 24720, 13, 2024/11/04, 12:22:26.442, 6769498934407, vstest.console.dll, TestRunRequest:SendTestRunStatsChange: Starting.
TpTrace Verbose: 0 : 24720, 13, 2024/11/04, 12:22:26.442, 6769498935687, vstest.console.dll, InProgress is GameHubTests.ReceivedDirection_ValidMovement_CallsStorePlayerInput
TpTrace Verbose: 0 : 24720, 13, 2024/11/04, 12:22:26.442, 6769498935923, vstest.console.dll, InProgress is ItemTests.Item_InitializesCorrectly
TpTrace Verbose: 0 : 24720, 13, 2024/11/04, 12:22:26.442, 6769498936105, vstest.console.dll, InProgress is GameObjectTests.UpdateDirection_ChangesDirectionCorrectly(direction: Right)
TpTrace Verbose: 0 : 24720, 13, 2024/11/04, 12:22:26.442, 6769498936279, vstest.console.dll, InProgress is GameLoopTests.Start_SetsUpGameCorrectly
TpTrace Verbose: 0 : 24720, 13, 2024/11/04, 12:22:26.442, 6769498936518, vstest.console.dll, InProgress is MessageServiceTests.ResetAfterLevelChange_DecreasesLevelAndClearsInputs
TpTrace Verbose: 0 : 24720, 13, 2024/11/04, 12:22:26.442, 6769498936846, vstest.console.dll, InProgress is GameServiceTests.Pause_SetsPausedStateAndPauser(playerId: "player1")
TpTrace Verbose: 0 : 24720, 13, 2024/11/04, 12:22:26.443, 6769498938634, vstest.console.dll, MulticastDelegateUtilities.SafeInvoke: TestRun.RunStatsChanged: Invoking callbacks was skipped because there are no subscribers.
TpTrace Information: 0 : 24720, 13, 2024/11/04, 12:22:26.443, 6769498938908, vstest.console.dll, TestRunRequest:SendTestRunStatsChange: Completed.
TpTrace Verbose: 0 : 24720, 13, 2024/11/04, 12:22:26.443, 6769498939131, vstest.console.dll, MulticastDelegateUtilities.SafeInvoke: LengthPrefixCommunicationChannel: MessageReceived: Invoking callback 1/1 for Microsoft.VisualStudio.TestPlatform.CommunicationUtilities.TestRequestSender+<>c__DisplayClass34_0., took 19 ms.
TpTrace Verbose: 0 : 24720, 13, 2024/11/04, 12:22:26.443, 6769498939417, vstest.console.dll, TcpClientExtensions.MessageLoopAsync: Polling on remoteEndPoint: 127.0.0.1:2565 localEndPoint: 127.0.0.1:2564 after 132 ms
TpTrace Verbose: 0 : 24720, 4, 2024/11/04, 12:22:26.445, 6769498963926, vstest.console.dll, MulticastDelegateUtilities.SafeInvoke: InternalTestLoggerEvents.SendTestResult: Invoking callback 1/1 for Microsoft.VisualStudio.TestPlatform.CommandLine.Internal.ConsoleLogger., took 2 ms.
TpTrace Verbose: 0 : 24720, 4, 2024/11/04, 12:22:26.445, 6769498967173, vstest.console.dll, MulticastDelegateUtilities.SafeInvoke: InternalTestLoggerEvents.SendTestResult: Invoking callback 1/1 for Microsoft.VisualStudio.TestPlatform.CommandLine.Internal.ConsoleLogger., took 0 ms.
TpTrace Verbose: 0 : 24720, 4, 2024/11/04, 12:22:26.445, 6769498967814, vstest.console.dll, MulticastDelegateUtilities.SafeInvoke: InternalTestLoggerEvents.SendTestResult: Invoking callback 1/1 for Microsoft.VisualStudio.TestPlatform.CommandLine.Internal.ConsoleLogger., took 0 ms.
TpTrace Verbose: 0 : 24720, 4, 2024/11/04, 12:22:26.446, 6769498968118, vstest.console.dll, MulticastDelegateUtilities.SafeInvoke: InternalTestLoggerEvents.SendTestResult: Invoking callback 1/1 for Microsoft.VisualStudio.TestPlatform.CommandLine.Internal.ConsoleLogger., took 0 ms.
TpTrace Verbose: 0 : 24720, 13, 2024/11/04, 12:22:26.448, 6769498989368, vstest.console.dll, TcpClientExtensions.MessageLoopAsync: NotifyDataAvailable remoteEndPoint: 127.0.0.1:2565 localEndPoint: 127.0.0.1:2564
TpTrace Verbose: 0 : 24720, 13, 2024/11/04, 12:22:26.448, 6769498991279, vstest.console.dll, TestRequestSender.OnExecutionMessageReceived: Received message: {"Version":7,"MessageType":"TestExecution.StatsChange","Payload":{"NewTestResults":[{"TestCase":{"Id":"1a3901af-bb4b-65f6-5f5d-d2ae82b7f216","FullyQualifiedName":"GameServiceTests.Pause_SetsPausedStateAndPauser","DisplayName":"GameServiceTests.Pause_SetsPausedStateAndPauser(playerId: \"player1\")","ExecutorUri":"executor://xunit/VsTestRunner2/netcoreapp","Source":"C:\\Users\\karol\\Desktop\\KTU\\4 kursas\\pacmen\\TestProject\\bin\\Debug\\net8.0\\fine-code-coverage\\build-output\\TestProject.dll","CodeFilePath":null,"LineNumber":0,"Properties":[]},"Attachments":[],"Outcome":1,"ErrorMessage":null,"ErrorStackTrace":null,"DisplayName":"GameServiceTests.Pause_SetsPausedStateAndPauser(playerId: \"player1\")","Messages":[],"ComputerName":"KAROLINA","Duration":"00:00:00.0001939","StartTime":"2024-11-04T10:22:26.4277241+00:00","EndTime":"2024-11-04T10:22:26.4277241+00:00","Properties":[]},{"TestCase":{"Id":"5a7b0f9f-9d9e-088c-106a-365adb606604","FullyQualifiedName":"MovementTimerServiceSingletonTests.GetInstance_ReturnsSameInstance","DisplayName":"MovementTimerServiceSingletonTests.GetInstance_ReturnsSameInstance","ExecutorUri":"executor://xunit/VsTestRunner2/netcoreapp","Source":"C:\\Users\\karol\\Desktop\\KTU\\4 kursas\\pacmen\\TestProject\\bin\\Debug\\net8.0\\fine-code-coverage\\build-output\\TestProject.dll","CodeFilePath":null,"LineNumber":0,"Properties":[]},"Attachments":[],"Outcome":1,"ErrorMessage":null,"ErrorStackTrace":null,"DisplayName":"MovementTimerServiceSingletonTests.GetInstance_ReturnsSameInstance","Messages":[],"ComputerName":"KAROLINA","Duration":"00:00:00.0000653","StartTime":"2024-11-04T10:22:26.4304552+00:00","EndTime":"2024-11-04T10:22:26.4304553+00:00","Properties":[]},{"TestCase":{"Id":"fc18f8e0-3b38-b7fe-9f85-47b90f35bf7f","FullyQualifiedName":"GameServiceTests.Unpause_DoesNotChangePausedState_WhenCalledByDifferentPlayer","DisplayName":"GameServiceTests.Unpause_DoesNotChangePausedState_WhenCalledByDifferentPlayer(pauserId: \"player1\", callerId: \"player3\")","ExecutorUri":"executor://xunit/VsTestRunner2/netcoreapp","Source":"C:\\Users\\karol\\Desktop\\KTU\\4 kursas\\pacmen\\TestProject\\bin\\Debug\\net8.0\\fine-code-coverage\\build-output\\TestProject.dll","CodeFilePath":null,"LineNumber":0,"Properties":[]},"Attachments":[],"Outcome":1,"ErrorMessage":null,"ErrorStackTrace":null,"DisplayName":"GameServiceTests.Unpause_DoesNotChangePausedState_WhenCalledByDifferentPlayer(pauserId: \"player1\", callerId: \"player3\")","Messages":[],"ComputerName":"KAROLINA","Duration":"00:00:00.0001717","StartTime":"2024-11-04T10:22:26.4330115+00:00","EndTime":"2024-11-04T10:22:26.4330115+00:00","Properties":[]},{"TestCase":{"Id":"d9f52151-5729-e1fb-8c59-82140b9ec167","FullyQualifiedName":"MovementTimerServiceSingletonTests.ResetAfterLevelChange_ResetsElapsedTime","DisplayName":"MovementTimerServiceSingletonTests.ResetAfterLevelChange_ResetsElapsedTime","ExecutorUri":"executor://xunit/VsTestRunner2/netcoreapp","Source":"C:\\Users\\karol\\Desktop\\KTU\\4 kursas\\pacmen\\TestProject\\bin\\Debug\\net8.0\\fine-code-coverage\\build-output\\TestProject.dll","CodeFilePath":null,"LineNumber":0,"Properties":[]},"Attachments":[],"Outcome":1,"ErrorMessage":null,"ErrorStackTrace":null,"DisplayName":"MovementTimerServiceSingletonTests.ResetAfterLevelChange_ResetsElapsedTime","Messages":[],"ComputerName":"KAROLINA","Duration":"00:00:00.0001352","StartTime":"2024-11-04T10:22:26.4356735+00:00","EndTime":"2024-11-04T10:22:26.4356736+00:00","Properties":[]},{"TestCase":{"Id":"2bced8eb-5b02-7ba6-9b33-53ed14f55340","FullyQualifiedName":"MessageServiceTests.ResetAfterLevelChange_DecreasesLevelAndClearsInputs","DisplayName":"MessageServiceTests.ResetAfterLevelChange_DecreasesLevelAndClearsInputs","ExecutorUri":"executor://xunit/VsTestRunner2/netcoreapp","Source":"C:\\Users\\karol\\Desktop\\KTU\\4 kursas\\pacmen\\TestProject\\bin\\Debug\\net8.0\\fine-code-coverage\\build-output\\TestProject.dll","CodeFilePath":null,"LineNumber":0,"Properties":[]},"Attachments":[],"Outcome":1,"ErrorMessage":null,"ErrorStackTrace":null,"DisplayName":"MessageServiceTests.ResetAfterLevelChange_DecreasesLevelAndClearsInputs","Messages":[],"ComputerName":"KAROLINA","Duration":"00:00:00.0098183","StartTime":"2024-11-04T10:22:26.4369706+00:00","EndTime":"2024-11-04T10:22:26.4369707+00:00","Properties":[]},{"TestCase":{"Id":"213f0b51-5133-6d49-2a0a-469e2981a745","FullyQualifiedName":"GameServiceTests.Unpause_DoesNotChangePausedState_WhenCalledByDifferentPlayer","DisplayName":"GameServiceTests.Unpause_DoesNotChangePausedState_WhenCalledByDifferentPlayer(pauserId: \"player1\", callerId: \"player2\")","ExecutorUri":"executor://xunit/VsTestRunner2/netcoreapp","Source":"C:\\Users\\karol\\Desktop\\KTU\\4 kursas\\pacmen\\TestProject\\bin\\Debug\\net8.0\\fine-code-coverage\\build-output\\TestProject.dll","CodeFilePath":null,"LineNumber":0,"Properties":[]},"Attachments":[],"Outcome":1,"ErrorMessage":null,"ErrorStackTrace":null,"DisplayName":"GameServiceTests.Unpause_DoesNotChangePausedState_WhenCalledByDifferentPlayer(pauserId: \"player1\", callerId: \"player2\")","Messages":[],"ComputerName":"KAROLINA","Duration":"00:00:00.0001159","StartTime":"2024-11-04T10:22:26.4410043+00:00","EndTime":"2024-11-04T10:22:26.4410044+00:00","Properties":[]}],"TestRunStatistics":{"ExecutedTests":10,"Stats":{"Passed":10}},"ActiveTests":[{"Id":"01165178-107c-05bd-6dca-d36d125682b5","FullyQualifiedName":"GameMapTests.UpdateTile_ChangesTileStatusCorrectly","DisplayName":"GameMapTests.UpdateTile_ChangesTileStatusCorrectly","ExecutorUri":"executor://xunit/VsTestRunner2/netcoreapp","Source":"C:\\Users\\karol\\Desktop\\KTU\\4 kursas\\pacmen\\TestProject\\bin\\Debug\\net8.0\\fine-code-coverage\\build-output\\TestProject.dll","CodeFilePath":null,"LineNumber":0,"Properties":[]},{"Id":"2c0e74ee-93d1-3a84-ee43-442175771897","FullyQualifiedName":"MovementTimerServiceSingletonTests.UpdateElapsedTime_IncreasesElapsedTime","DisplayName":"MovementTimerServiceSingletonTests.UpdateElapsedTime_IncreasesElapsedTime","ExecutorUri":"executor://xunit/VsTestRunner2/netcoreapp","Source":"C:\\Users\\karol\\Desktop\\KTU\\4 kursas\\pacmen\\TestProject\\bin\\Debug\\net8.0\\fine-code-coverage\\build-output\\TestProject.dll","CodeFilePath":null,"LineNumber":0,"Properties":[]},{"Id":"aa9a02e3-8213-fcd6-9a30-5aa9fa1cfe15","FullyQualifiedName":"MessageServiceTests.StorePlayerInput_AddsInputCorrectly","DisplayName":"MessageServiceTests.StorePlayerInput_AddsInputCorrectly","ExecutorUri":"executor://xunit/VsTestRunner2/netcoreapp","Source":"C:\\Users\\karol\\Desktop\\KTU\\4 kursas\\pacmen\\TestProject\\bin\\Debug\\net8.0\\fine-code-coverage\\build-output\\TestProject.dll","CodeFilePath":null,"LineNumber":0,"Properties":[]},{"Id":"01d63966-ce99-1b3e-93f1-e51a7500670e","FullyQualifiedName":"GameServiceTests.Unpause_SetsPausedStateToFalse_WhenCalledByPauser","DisplayName":"GameServiceTests.Unpause_SetsPausedStateToFalse_WhenCalledByPauser","ExecutorUri":"executor://xunit/VsTestRunner2/netcoreapp","Source":"C:\\Users\\karol\\Desktop\\KTU\\4 kursas\\pacmen\\TestProject\\bin\\Debug\\net8.0\\fine-code-coverage\\build-output\\TestProject.dll","CodeFilePath":null,"LineNumber":0,"Properties":[]}]}}
TpTrace Verbose: 0 : 24720, 13, 2024/11/04, 12:22:26.449, 6769499004154, vstest.console.dll, TestRunRequest:SendTestRunStatsChange: Starting.
TpTrace Verbose: 0 : 24720, 13, 2024/11/04, 12:22:26.449, 6769499004923, vstest.console.dll, InProgress is GameMapTests.UpdateTile_ChangesTileStatusCorrectly
TpTrace Verbose: 0 : 24720, 13, 2024/11/04, 12:22:26.449, 6769499005169, vstest.console.dll, InProgress is MovementTimerServiceSingletonTests.UpdateElapsedTime_IncreasesElapsedTime
TpTrace Verbose: 0 : 24720, 13, 2024/11/04, 12:22:26.449, 6769499005339, vstest.console.dll, InProgress is MessageServiceTests.StorePlayerInput_AddsInputCorrectly
TpTrace Verbose: 0 : 24720, 13, 2024/11/04, 12:22:26.449, 6769499005528, vstest.console.dll, InProgress is GameServiceTests.Unpause_SetsPausedStateToFalse_WhenCalledByPauser
TpTrace Verbose: 0 : 24720, 13, 2024/11/04, 12:22:26.449, 6769499006021, vstest.console.dll, MulticastDelegateUtilities.SafeInvoke: TestRun.RunStatsChanged: Invoking callbacks was skipped because there are no subscribers.
TpTrace Information: 0 : 24720, 13, 2024/11/04, 12:22:26.449, 6769499006277, vstest.console.dll, TestRunRequest:SendTestRunStatsChange: Completed.
TpTrace Verbose: 0 : 24720, 13, 2024/11/04, 12:22:26.449, 6769499006484, vstest.console.dll, MulticastDelegateUtilities.SafeInvoke: LengthPrefixCommunicationChannel: MessageReceived: Invoking callback 1/1 for Microsoft.VisualStudio.TestPlatform.CommunicationUtilities.TestRequestSender+<>c__DisplayClass34_0., took 1 ms.
TpTrace Verbose: 0 : 24720, 13, 2024/11/04, 12:22:26.449, 6769499006706, vstest.console.dll, TcpClientExtensions.MessageLoopAsync: Polling on remoteEndPoint: 127.0.0.1:2565 localEndPoint: 127.0.0.1:2564 after 6 ms
TpTrace Verbose: 0 : 24720, 4, 2024/11/04, 12:22:26.449, 6769499006749, vstest.console.dll, MulticastDelegateUtilities.SafeInvoke: InternalTestLoggerEvents.SendTestResult: Invoking callback 1/1 for Microsoft.VisualStudio.TestPlatform.CommandLine.Internal.ConsoleLogger., took 0 ms.
TpTrace Verbose: 0 : 24720, 4, 2024/11/04, 12:22:26.449, 6769499007416, vstest.console.dll, MulticastDelegateUtilities.SafeInvoke: InternalTestLoggerEvents.SendTestResult: Invoking callback 1/1 for Microsoft.VisualStudio.TestPlatform.CommandLine.Internal.ConsoleLogger., took 0 ms.
TpTrace Verbose: 0 : 24720, 4, 2024/11/04, 12:22:26.450, 6769499010421, vstest.console.dll, MulticastDelegateUtilities.SafeInvoke: InternalTestLoggerEvents.SendTestResult: Invoking callback 1/1 for Microsoft.VisualStudio.TestPlatform.CommandLine.Internal.ConsoleLogger., took 0 ms.
TpTrace Verbose: 0 : 24720, 4, 2024/11/04, 12:22:26.450, 6769499011215, vstest.console.dll, MulticastDelegateUtilities.SafeInvoke: InternalTestLoggerEvents.SendTestResult: Invoking callback 1/1 for Microsoft.VisualStudio.TestPlatform.CommandLine.Internal.ConsoleLogger., took 0 ms.
TpTrace Verbose: 0 : 24720, 4, 2024/11/04, 12:22:26.450, 6769499011949, vstest.console.dll, MulticastDelegateUtilities.SafeInvoke: InternalTestLoggerEvents.SendTestResult: Invoking callback 1/1 for Microsoft.VisualStudio.TestPlatform.CommandLine.Internal.ConsoleLogger., took 0 ms.
TpTrace Verbose: 0 : 24720, 4, 2024/11/04, 12:22:26.450, 6769499012508, vstest.console.dll, MulticastDelegateUtilities.SafeInvoke: InternalTestLoggerEvents.SendTestResult: Invoking callback 1/1 for Microsoft.VisualStudio.TestPlatform.CommandLine.Internal.ConsoleLogger., took 0 ms.
TpTrace Verbose: 0 : 24720, 13, 2024/11/04, 12:22:26.465, 6769499163117, vstest.console.dll, TcpClientExtensions.MessageLoopAsync: NotifyDataAvailable remoteEndPoint: 127.0.0.1:2565 localEndPoint: 127.0.0.1:2564
TpTrace Verbose: 0 : 24720, 13, 2024/11/04, 12:22:26.465, 6769499165266, vstest.console.dll, TestRequestSender.OnExecutionMessageReceived: Received message: {"Version":7,"MessageType":"TestExecution.StatsChange","Payload":{"NewTestResults":[{"TestCase":{"Id":"2c0e74ee-93d1-3a84-ee43-442175771897","FullyQualifiedName":"MovementTimerServiceSingletonTests.UpdateElapsedTime_IncreasesElapsedTime","DisplayName":"MovementTimerServiceSingletonTests.UpdateElapsedTime_IncreasesElapsedTime","ExecutorUri":"executor://xunit/VsTestRunner2/netcoreapp","Source":"C:\\Users\\karol\\Desktop\\KTU\\4 kursas\\pacmen\\TestProject\\bin\\Debug\\net8.0\\fine-code-coverage\\build-output\\TestProject.dll","CodeFilePath":null,"LineNumber":0,"Properties":[]},"Attachments":[],"Outcome":1,"ErrorMessage":null,"ErrorStackTrace":null,"DisplayName":"MovementTimerServiceSingletonTests.UpdateElapsedTime_IncreasesElapsedTime","Messages":[],"ComputerName":"KAROLINA","Duration":"00:00:00.0000784","StartTime":"2024-11-04T10:22:26.4494947+00:00","EndTime":"2024-11-04T10:22:26.4494949+00:00","Properties":[]},{"TestCase":{"Id":"ff3b8b09-1fee-bd37-ce87-e0f74d22914c","FullyQualifiedName":"MovementTimerServiceSingletonTests.PacmanCanMove_ReturnsTrueWhenIntervalReached","DisplayName":"MovementTimerServiceSingletonTests.PacmanCanMove_ReturnsTrueWhenIntervalReached","ExecutorUri":"executor://xunit/VsTestRunner2/netcoreapp","Source":"C:\\Users\\karol\\Desktop\\KTU\\4 kursas\\pacmen\\TestProject\\bin\\Debug\\net8.0\\fine-code-coverage\\build-output\\TestProject.dll","CodeFilePath":null,"LineNumber":0,"Properties":[]},"Attachments":[],"Outcome":1,"ErrorMessage":null,"ErrorStackTrace":null,"DisplayName":"MovementTimerServiceSingletonTests.PacmanCanMove_ReturnsTrueWhenIntervalReached","Messages":[],"ComputerName":"KAROLINA","Duration":"00:00:00.0000684","StartTime":"2024-11-04T10:22:26.4522803+00:00","EndTime":"2024-11-04T10:22:26.4522805+00:00","Properties":[]},{"TestCase":{"Id":"01d63966-ce99-1b3e-93f1-e51a7500670e","FullyQualifiedName":"GameServiceTests.Unpause_SetsPausedStateToFalse_WhenCalledByPauser","DisplayName":"GameServiceTests.Unpause_SetsPausedStateToFalse_WhenCalledByPauser","ExecutorUri":"executor://xunit/VsTestRunner2/netcoreapp","Source":"C:\\Users\\karol\\Desktop\\KTU\\4 kursas\\pacmen\\TestProject\\bin\\Debug\\net8.0\\fine-code-coverage\\build-output\\TestProject.dll","CodeFilePath":null,"LineNumber":0,"Properties":[]},"Attachments":[],"Outcome":1,"ErrorMessage":null,"ErrorStackTrace":null,"DisplayName":"GameServiceTests.Unpause_SetsPausedStateToFalse_WhenCalledByPauser","Messages":[],"ComputerName":"KAROLINA","Duration":"00:00:00.0001595","StartTime":"2024-11-04T10:22:26.4536687+00:00","EndTime":"2024-11-04T10:22:26.4536689+00:00","Properties":[]},{"TestCase":{"Id":"01165178-107c-05bd-6dca-d36d125682b5","FullyQualifiedName":"GameMapTests.UpdateTile_ChangesTileStatusCorrectly","DisplayName":"GameMapTests.UpdateTile_ChangesTileStatusCorrectly","ExecutorUri":"executor://xunit/VsTestRunner2/netcoreapp","Source":"C:\\Users\\karol\\Desktop\\KTU\\4 kursas\\pacmen\\TestProject\\bin\\Debug\\net8.0\\fine-code-coverage\\build-output\\TestProject.dll","CodeFilePath":null,"LineNumber":0,"Properties":[]},"Attachments":[],"Outcome":1,"ErrorMessage":null,"ErrorStackTrace":null,"DisplayName":"GameMapTests.UpdateTile_ChangesTileStatusCorrectly","Messages":[],"ComputerName":"KAROLINA","Duration":"00:00:00.0021273","StartTime":"2024-11-04T10:22:26.4559975+00:00","EndTime":"2024-11-04T10:22:26.4559975+00:00","Properties":[]},{"TestCase":{"Id":"7d8643d5-5775-6fe3-8005-05f33592054c","FullyQualifiedName":"GameMapTests.GameMap_InitializesWithCorrectSize","DisplayName":"GameMapTests.GameMap_InitializesWithCorrectSize","ExecutorUri":"executor://xunit/VsTestRunner2/netcoreapp","Source":"C:\\Users\\karol\\Desktop\\KTU\\4 kursas\\pacmen\\TestProject\\bin\\Debug\\net8.0\\fine-code-coverage\\build-output\\TestProject.dll","CodeFilePath":null,"LineNumber":0,"Properties":[]},"Attachments":[],"Outcome":1,"ErrorMessage":null,"ErrorStackTrace":null,"DisplayName":"GameMapTests.GameMap_InitializesWithCorrectSize","Messages":[],"ComputerName":"KAROLINA","Duration":"00:00:00.0002299","StartTime":"2024-11-04T10:22:26.457723+00:00","EndTime":"2024-11-04T10:22:26.457723+00:00","Properties":[]},{"TestCase":{"Id":"35170d2a-aa4f-3eb4-57ce-76d8fabf369b","FullyQualifiedName":"GameMapTests.RestartMap_ResetsTileStatuses","DisplayName":"GameMapTests.RestartMap_ResetsTileStatuses","ExecutorUri":"executor://xunit/VsTestRunner2/netcoreapp","Source":"C:\\Users\\karol\\Desktop\\KTU\\4 kursas\\pacmen\\TestProject\\bin\\Debug\\net8.0\\fine-code-coverage\\build-output\\TestProject.dll","CodeFilePath":null,"LineNumber":0,"Properties":[]},"Attachments":[],"Outcome":1,"ErrorMessage":null,"ErrorStackTrace":null,"DisplayName":"GameMapTests.RestartMap_ResetsTileStatuses","Messages":[],"ComputerName":"KAROLINA","Duration":"00:00:00.0001943","StartTime":"2024-11-04T10:22:26.4595282+00:00","EndTime":"2024-11-04T10:22:26.4595283+00:00","Properties":[]},{"TestCase":{"Id":"aa9a02e3-8213-fcd6-9a30-5aa9fa1cfe15","FullyQualifiedName":"MessageServiceTests.StorePlayerInput_AddsInputCorrectly","DisplayName":"MessageServiceTests.StorePlayerInput_AddsInputCorrectly","ExecutorUri":"executor://xunit/VsTestRunner2/netcoreapp","Source":"C:\\Users\\karol\\Desktop\\KTU\\4 kursas\\pacmen\\TestProject\\bin\\Debug\\net8.0\\fine-code-coverage\\build-output\\TestProject.dll","CodeFilePath":null,"LineNumber":0,"Properties":[]},"Attachments":[],"Outcome":1,"ErrorMessage":null,"ErrorStackTrace":null,"DisplayName":"MessageServiceTests.StorePlayerInput_AddsInputCorrectly","Messages":[],"ComputerName":"KAROLINA","Duration":"00:00:00.0048078","StartTime":"2024-11-04T10:22:26.4605827+00:00","EndTime":"2024-11-04T10:22:26.4605828+00:00","Properties":[]},{"TestCase":{"Id":"d806147e-a377-9c90-7437-35e68fd510de","FullyQualifiedName":"ItemTests.Item_InitializesCorrectly","DisplayName":"ItemTests.Item_InitializesCorrectly","ExecutorUri":"executor://xunit/VsTestRunner2/netcoreapp","Source":"C:\\Users\\karol\\Desktop\\KTU\\4 kursas\\pacmen\\TestProject\\bin\\Debug\\net8.0\\fine-code-coverage\\build-output\\TestProject.dll","CodeFilePath":null,"LineNumber":0,"Properties":[]},"Attachments":[],"Outcome":1,"ErrorMessage":null,"ErrorStackTrace":null,"DisplayName":"ItemTests.Item_InitializesCorrectly","Messages":[],"ComputerName":"KAROLINA","Duration":"00:00:00.0148267","StartTime":"2024-11-04T10:22:26.4636006+00:00","EndTime":"2024-11-04T10:22:26.4636007+00:00","Properties":[]}],"TestRunStatistics":{"ExecutedTests":18,"Stats":{"Passed":18}},"ActiveTests":[{"Id":"979ff914-b4b2-2d5a-6be7-2a4ebeb2651c","FullyQualifiedName":"GameServiceTests.SetGameMap_SetsGameMapCorrectly","DisplayName":"GameServiceTests.SetGameMap_SetsGameMapCorrectly","ExecutorUri":"executor://xunit/VsTestRunner2/netcoreapp","Source":"C:\\Users\\karol\\Desktop\\KTU\\4 kursas\\pacmen\\TestProject\\bin\\Debug\\net8.0\\fine-code-coverage\\build-output\\TestProject.dll","CodeFilePath":null,"LineNumber":0,"Properties":[]},{"Id":"d97fb599-acfd-99b8-dee5-5e5402a95076","FullyQualifiedName":"MessageServiceTests.StoreLevelChange_SetsNewLevelCorrectly","DisplayName":"MessageServiceTests.StoreLevelChange_SetsNewLevelCorrectly","ExecutorUri":"executor://xunit/VsTestRunner2/netcoreapp","Source":"C:\\Users\\karol\\Desktop\\KTU\\4 kursas\\pacmen\\TestProject\\bin\\Debug\\net8.0\\fine-code-coverage\\build-output\\TestProject.dll","CodeFilePath":null,"LineNumber":0,"Properties":[]}]}}
TpTrace Verbose: 0 : 24720, 13, 2024/11/04, 12:22:26.466, 6769499171268, vstest.console.dll, TestRunRequest:SendTestRunStatsChange: Starting.
TpTrace Verbose: 0 : 24720, 13, 2024/11/04, 12:22:26.466, 6769499171780, vstest.console.dll, InProgress is GameServiceTests.SetGameMap_SetsGameMapCorrectly
TpTrace Verbose: 0 : 24720, 13, 2024/11/04, 12:22:26.466, 6769499172008, vstest.console.dll, InProgress is MessageServiceTests.StoreLevelChange_SetsNewLevelCorrectly
TpTrace Verbose: 0 : 24720, 13, 2024/11/04, 12:22:26.466, 6769499172395, vstest.console.dll, MulticastDelegateUtilities.SafeInvoke: TestRun.RunStatsChanged: Invoking callbacks was skipped because there are no subscribers.
TpTrace Information: 0 : 24720, 13, 2024/11/04, 12:22:26.466, 6769499172660, vstest.console.dll, TestRunRequest:SendTestRunStatsChange: Completed.
TpTrace Verbose: 0 : 24720, 13, 2024/11/04, 12:22:26.466, 6769499172881, vstest.console.dll, MulticastDelegateUtilities.SafeInvoke: LengthPrefixCommunicationChannel: MessageReceived: Invoking callback 1/1 for Microsoft.VisualStudio.TestPlatform.CommunicationUtilities.TestRequestSender+<>c__DisplayClass34_0., took 0 ms.
TpTrace Verbose: 0 : 24720, 13, 2024/11/04, 12:22:26.466, 6769499173102, vstest.console.dll, TcpClientExtensions.MessageLoopAsync: Polling on remoteEndPoint: 127.0.0.1:2565 localEndPoint: 127.0.0.1:2564 after 16 ms
TpTrace Verbose: 0 : 24720, 4, 2024/11/04, 12:22:26.466, 6769499174032, vstest.console.dll, MulticastDelegateUtilities.SafeInvoke: InternalTestLoggerEvents.SendTestResult: Invoking callback 1/1 for Microsoft.VisualStudio.TestPlatform.CommandLine.Internal.ConsoleLogger., took 0 ms.
TpTrace Verbose: 0 : 24720, 4, 2024/11/04, 12:22:26.466, 6769499175506, vstest.console.dll, MulticastDelegateUtilities.SafeInvoke: InternalTestLoggerEvents.SendTestResult: Invoking callback 1/1 for Microsoft.VisualStudio.TestPlatform.CommandLine.Internal.ConsoleLogger., took 0 ms.
TpTrace Verbose: 0 : 24720, 4, 2024/11/04, 12:22:26.466, 6769499176097, vstest.console.dll, MulticastDelegateUtilities.SafeInvoke: InternalTestLoggerEvents.SendTestResult: Invoking callback 1/1 for Microsoft.VisualStudio.TestPlatform.CommandLine.Internal.ConsoleLogger., took 0 ms.
TpTrace Verbose: 0 : 24720, 4, 2024/11/04, 12:22:26.466, 6769499176685, vstest.console.dll, MulticastDelegateUtilities.SafeInvoke: InternalTestLoggerEvents.SendTestResult: Invoking callback 1/1 for Microsoft.VisualStudio.TestPlatform.CommandLine.Internal.ConsoleLogger., took 0 ms.
TpTrace Verbose: 0 : 24720, 4, 2024/11/04, 12:22:26.466, 6769499177299, vstest.console.dll, MulticastDelegateUtilities.SafeInvoke: InternalTestLoggerEvents.SendTestResult: Invoking callback 1/1 for Microsoft.VisualStudio.TestPlatform.CommandLine.Internal.ConsoleLogger., took 0 ms.
TpTrace Verbose: 0 : 24720, 4, 2024/11/04, 12:22:26.466, 6769499177832, vstest.console.dll, MulticastDelegateUtilities.SafeInvoke: InternalTestLoggerEvents.SendTestResult: Invoking callback 1/1 for Microsoft.VisualStudio.TestPlatform.CommandLine.Internal.ConsoleLogger., took 0 ms.
TpTrace Verbose: 0 : 24720, 4, 2024/11/04, 12:22:26.467, 6769499178434, vstest.console.dll, MulticastDelegateUtilities.SafeInvoke: InternalTestLoggerEvents.SendTestResult: Invoking callback 1/1 for Microsoft.VisualStudio.TestPlatform.CommandLine.Internal.ConsoleLogger., took 0 ms.
TpTrace Verbose: 0 : 24720, 4, 2024/11/04, 12:22:26.467, 6769499179049, vstest.console.dll, MulticastDelegateUtilities.SafeInvoke: InternalTestLoggerEvents.SendTestResult: Invoking callback 1/1 for Microsoft.VisualStudio.TestPlatform.CommandLine.Internal.ConsoleLogger., took 0 ms.
TpTrace Verbose: 0 : 24720, 13, 2024/11/04, 12:22:26.487, 6769499380288, vstest.console.dll, TcpClientExtensions.MessageLoopAsync: NotifyDataAvailable remoteEndPoint: 127.0.0.1:2565 localEndPoint: 127.0.0.1:2564
TpTrace Verbose: 0 : 24720, 13, 2024/11/04, 12:22:26.487, 6769499385036, vstest.console.dll, TestRequestSender.OnExecutionMessageReceived: Received message: {"Version":7,"MessageType":"TestExecution.StatsChange","Payload":{"NewTestResults":[{"TestCase":{"Id":"d97fb599-acfd-99b8-dee5-5e5402a95076","FullyQualifiedName":"MessageServiceTests.StoreLevelChange_SetsNewLevelCorrectly","DisplayName":"MessageServiceTests.StoreLevelChange_SetsNewLevelCorrectly","ExecutorUri":"executor://xunit/VsTestRunner2/netcoreapp","Source":"C:\\Users\\karol\\Desktop\\KTU\\4 kursas\\pacmen\\TestProject\\bin\\Debug\\net8.0\\fine-code-coverage\\build-output\\TestProject.dll","CodeFilePath":null,"LineNumber":0,"Properties":[]},"Attachments":[],"Outcome":1,"ErrorMessage":null,"ErrorStackTrace":null,"DisplayName":"MessageServiceTests.StoreLevelChange_SetsNewLevelCorrectly","Messages":[],"ComputerName":"KAROLINA","Duration":"00:00:00.0002118","StartTime":"2024-11-04T10:22:26.4674422+00:00","EndTime":"2024-11-04T10:22:26.4674422+00:00","Properties":[]},{"TestCase":{"Id":"b00254d3-56de-c3b9-1e13-16237860db7a","FullyQualifiedName":"ItemTests.Item_IconIsNullInitially","DisplayName":"ItemTests.Item_IconIsNullInitially","ExecutorUri":"executor://xunit/VsTestRunner2/netcoreapp","Source":"C:\\Users\\karol\\Desktop\\KTU\\4 kursas\\pacmen\\TestProject\\bin\\Debug\\net8.0\\fine-code-coverage\\build-output\\TestProject.dll","CodeFilePath":null,"LineNumber":0,"Properties":[]},"Attachments":[],"Outcome":1,"ErrorMessage":null,"ErrorStackTrace":null,"DisplayName":"ItemTests.Item_IconIsNullInitially","Messages":[],"ComputerName":"KAROLINA","Duration":"00:00:00.0001596","StartTime":"2024-11-04T10:22:26.4696106+00:00","EndTime":"2024-11-04T10:22:26.4696107+00:00","Properties":[]},{"TestCase":{"Id":"d57f5841-3b04-2745-c744-b2532f16fdee","FullyQualifiedName":"MessageServiceTests.ResetLevel_SetsLevelToMinusOne","DisplayName":"MessageServiceTests.ResetLevel_SetsLevelToMinusOne","ExecutorUri":"executor://xunit/VsTestRunner2/netcoreapp","Source":"C:\\Users\\karol\\Desktop\\KTU\\4 kursas\\pacmen\\TestProject\\bin\\Debug\\net8.0\\fine-code-coverage\\build-output\\TestProject.dll","CodeFilePath":null,"LineNumber":0,"Properties":[]},"Attachments":[],"Outcome":1,"ErrorMessage":null,"ErrorStackTrace":null,"DisplayName":"MessageServiceTests.ResetLevel_SetsLevelToMinusOne","Messages":[],"ComputerName":"KAROLINA","Duration":"00:00:00.0001313","StartTime":"2024-11-04T10:22:26.4725325+00:00","EndTime":"2024-11-04T10:22:26.4725326+00:00","Properties":[]},{"TestCase":{"Id":"aad2bbeb-2656-ccb9-fec3-560a6a19ede3","FullyQualifiedName":"ItemTests.HandleMovement_DoesNothing","DisplayName":"ItemTests.HandleMovement_DoesNothing","ExecutorUri":"executor://xunit/VsTestRunner2/netcoreapp","Source":"C:\\Users\\karol\\Desktop\\KTU\\4 kursas\\pacmen\\TestProject\\bin\\Debug\\net8.0\\fine-code-coverage\\build-output\\TestProject.dll","CodeFilePath":null,"LineNumber":0,"Properties":[]},"Attachments":[],"Outcome":1,"ErrorMessage":null,"ErrorStackTrace":null,"DisplayName":"ItemTests.HandleMovement_DoesNothing","Messages":[],"ComputerName":"KAROLINA","Duration":"00:00:00.0001000","StartTime":"2024-11-04T10:22:26.4751727+00:00","EndTime":"2024-11-04T10:22:26.4751727+00:00","Properties":[]},{"TestCase":{"Id":"116c6eec-d8a1-468e-7d77-edecbfb6c904","FullyQualifiedName":"MessageServiceTests.StoreLevelChange_SetsNewLevelCorrectly2","DisplayName":"MessageServiceTests.StoreLevelChange_SetsNewLevelCorrectly2","ExecutorUri":"executor://xunit/VsTestRunner2/netcoreapp","Source":"C:\\Users\\karol\\Desktop\\KTU\\4 kursas\\pacmen\\TestProject\\bin\\Debug\\net8.0\\fine-code-coverage\\build-output\\TestProject.dll","CodeFilePath":null,"LineNumber":0,"Properties":[]},"Attachments":[],"Outcome":1,"ErrorMessage":null,"ErrorStackTrace":null,"DisplayName":"MessageServiceTests.StoreLevelChange_SetsNewLevelCorrectly2","Messages":[],"ComputerName":"KAROLINA","Duration":"00:00:00.0000740","StartTime":"2024-11-04T10:22:26.4763602+00:00","EndTime":"2024-11-04T10:22:26.4763603+00:00","Properties":[]},{"TestCase":{"Id":"2c880f6c-990b-f434-6288-16a90652c3b3","FullyQualifiedName":"MessageServiceTests.GetPlayerInputs_ClearsStoredInputs","DisplayName":"MessageServiceTests.GetPlayerInputs_ClearsStoredInputs","ExecutorUri":"executor://xunit/VsTestRunner2/netcoreapp","Source":"C:\\Users\\karol\\Desktop\\KTU\\4 kursas\\pacmen\\TestProject\\bin\\Debug\\net8.0\\fine-code-coverage\\build-output\\TestProject.dll","CodeFilePath":null,"LineNumber":0,"Properties":[]},"Attachments":[],"Outcome":1,"ErrorMessage":null,"ErrorStackTrace":null,"DisplayName":"MessageServiceTests.GetPlayerInputs_ClearsStoredInputs","Messages":[],"ComputerName":"KAROLINA","Duration":"00:00:00.0001074","StartTime":"2024-11-04T10:22:26.4788842+00:00","EndTime":"2024-11-04T10:22:26.4788843+00:00","Properties":[]},{"TestCase":{"Id":"e6d67f51-9275-2ad9-ab2b-e7fb3fa404a3","FullyQualifiedName":"GameObjectTests.UpdateDirection_ChangesDirectionCorrectly","DisplayName":"GameObjectTests.UpdateDirection_ChangesDirectionCorrectly(direction: Right)","ExecutorUri":"executor://xunit/VsTestRunner2/netcoreapp","Source":"C:\\Users\\karol\\Desktop\\KTU\\4 kursas\\pacmen\\TestProject\\bin\\Debug\\net8.0\\fine-code-coverage\\build-output\\TestProject.dll","CodeFilePath":null,"LineNumber":0,"Properties":[]},"Attachments":[],"Outcome":1,"ErrorMessage":null,"ErrorStackTrace":null,"DisplayName":"GameObjectTests.UpdateDirection_ChangesDirectionCorrectly(direction: Right)","Messages":[],"ComputerName":"KAROLINA","Duration":"00:00:00.0162968","StartTime":"2024-11-04T10:22:26.4806457+00:00","EndTime":"2024-11-04T10:22:26.4806458+00:00","Properties":[]},{"TestCase":{"Id":"d126d953-95c6-494f-4d4d-a300ad930ec4","FullyQualifiedName":"GameObjectTests.UpdateDirection_ChangesDirectionCorrectly","DisplayName":"GameObjectTests.UpdateDirection_ChangesDirectionCorrectly(direction: Up)","ExecutorUri":"executor://xunit/VsTestRunner2/netcoreapp","Source":"C:\\Users\\karol\\Desktop\\KTU\\4 kursas\\pacmen\\TestProject\\bin\\Debug\\net8.0\\fine-code-coverage\\build-output\\TestProject.dll","CodeFilePath":null,"LineNumber":0,"Properties":[]},"Attachments":[],"Outcome":1,"ErrorMessage":null,"ErrorStackTrace":null,"DisplayName":"GameObjectTests.UpdateDirection_ChangesDirectionCorrectly(direction: Up)","Messages":[],"ComputerName":"KAROLINA","Duration":"00:00:00.0002497","StartTime":"2024-11-04T10:22:26.4824967+00:00","EndTime":"2024-11-04T10:22:26.4824967+00:00","Properties":[]},{"TestCase":{"Id":"f1add06a-de11-4da7-33cb-9744e9e36305","FullyQualifiedName":"GameObjectTests.UpdateDirection_ChangesDirectionCorrectly","DisplayName":"GameObjectTests.UpdateDirection_ChangesDirectionCorrectly(direction: Down)","ExecutorUri":"executor://xunit/VsTestRunner2/netcoreapp","Source":"C:\\Users\\karol\\Desktop\\KTU\\4 kursas\\pacmen\\TestProject\\bin\\Debug\\net8.0\\fine-code-coverage\\build-output\\TestProject.dll","CodeFilePath":null,"LineNumber":0,"Properties":[]},"Attachments":[],"Outcome":1,"ErrorMessage":null,"ErrorStackTrace":null,"DisplayName":"GameObjectTests.UpdateDirection_ChangesDirectionCorrectly(direction: Down)","Messages":[],"ComputerName":"KAROLINA","Duration":"00:00:00.0000279","StartTime":"2024-11-04T10:22:26.485317+00:00","EndTime":"2024-11-04T10:22:26.4853171+00:00","Properties":[]}],"TestRunStatistics":{"ExecutedTests":27,"Stats":{"Passed":27}},"ActiveTests":[{"Id":"0f1f75d5-13a9-3c7b-5665-47cbd13fb5d8","FullyQualifiedName":"GameObjectTests.UpdateDirection_ChangesDirectionCorrectly","DisplayName":"GameObjectTests.UpdateDirection_ChangesDirectionCorrectly(direction: Left)","ExecutorUri":"executor://xunit/VsTestRunner2/netcoreapp","Source":"C:\\Users\\karol\\Desktop\\KTU\\4 kursas\\pacmen\\TestProject\\bin\\Debug\\net8.0\\fine-code-coverage\\build-output\\TestProject.dll","CodeFilePath":null,"LineNumber":0,"Properties":[]}]}}
TpTrace Verbose: 0 : 24720, 13, 2024/11/04, 12:22:26.488, 6769499394841, vstest.console.dll, TestRunRequest:SendTestRunStatsChange: Starting.
TpTrace Verbose: 0 : 24720, 13, 2024/11/04, 12:22:26.488, 6769499395322, vstest.console.dll, InProgress is GameObjectTests.UpdateDirection_ChangesDirectionCorrectly(direction: Left)
TpTrace Verbose: 0 : 24720, 13, 2024/11/04, 12:22:26.488, 6769499395753, vstest.console.dll, MulticastDelegateUtilities.SafeInvoke: TestRun.RunStatsChanged: Invoking callbacks was skipped because there are no subscribers.
TpTrace Information: 0 : 24720, 13, 2024/11/04, 12:22:26.488, 6769499395947, vstest.console.dll, TestRunRequest:SendTestRunStatsChange: Completed.
TpTrace Verbose: 0 : 24720, 13, 2024/11/04, 12:22:26.488, 6769499396217, vstest.console.dll, MulticastDelegateUtilities.SafeInvoke: LengthPrefixCommunicationChannel: MessageReceived: Invoking callback 1/1 for Microsoft.VisualStudio.TestPlatform.CommunicationUtilities.TestRequestSender+<>c__DisplayClass34_0., took 1 ms.
TpTrace Verbose: 0 : 24720, 13, 2024/11/04, 12:22:26.488, 6769499396438, vstest.console.dll, TcpClientExtensions.MessageLoopAsync: Polling on remoteEndPoint: 127.0.0.1:2565 localEndPoint: 127.0.0.1:2564 after 22 ms
TpTrace Verbose: 0 : 24720, 4, 2024/11/04, 12:22:26.488, 6769499396665, vstest.console.dll, MulticastDelegateUtilities.SafeInvoke: InternalTestLoggerEvents.SendTestResult: Invoking callback 1/1 for Microsoft.VisualStudio.TestPlatform.CommandLine.Internal.ConsoleLogger., took 0 ms.
TpTrace Verbose: 0 : 24720, 4, 2024/11/04, 12:22:26.488, 6769499397409, vstest.console.dll, MulticastDelegateUtilities.SafeInvoke: InternalTestLoggerEvents.SendTestResult: Invoking callback 1/1 for Microsoft.VisualStudio.TestPlatform.CommandLine.Internal.ConsoleLogger., took 0 ms.
TpTrace Verbose: 0 : 24720, 4, 2024/11/04, 12:22:26.488, 6769499397754, vstest.console.dll, MulticastDelegateUtilities.SafeInvoke: InternalTestLoggerEvents.SendTestResult: Invoking callback 1/1 for Microsoft.VisualStudio.TestPlatform.CommandLine.Internal.ConsoleLogger., took 0 ms.
TpTrace Verbose: 0 : 24720, 4, 2024/11/04, 12:22:26.489, 6769499398006, vstest.console.dll, MulticastDelegateUtilities.SafeInvoke: InternalTestLoggerEvents.SendTestResult: Invoking callback 1/1 for Microsoft.VisualStudio.TestPlatform.CommandLine.Internal.ConsoleLogger., took 0 ms.
TpTrace Verbose: 0 : 24720, 4, 2024/11/04, 12:22:26.489, 6769499398245, vstest.console.dll, MulticastDelegateUtilities.SafeInvoke: InternalTestLoggerEvents.SendTestResult: Invoking callback 1/1 for Microsoft.VisualStudio.TestPlatform.CommandLine.Internal.ConsoleLogger., took 0 ms.
TpTrace Verbose: 0 : 24720, 4, 2024/11/04, 12:22:26.489, 6769499398553, vstest.console.dll, MulticastDelegateUtilities.SafeInvoke: InternalTestLoggerEvents.SendTestResult: Invoking callback 1/1 for Microsoft.VisualStudio.TestPlatform.CommandLine.Internal.ConsoleLogger., took 0 ms.
TpTrace Verbose: 0 : 24720, 4, 2024/11/04, 12:22:26.489, 6769499398862, vstest.console.dll, MulticastDelegateUtilities.SafeInvoke: InternalTestLoggerEvents.SendTestResult: Invoking callback 1/1 for Microsoft.VisualStudio.TestPlatform.CommandLine.Internal.ConsoleLogger., took 0 ms.
TpTrace Verbose: 0 : 24720, 4, 2024/11/04, 12:22:26.489, 6769499399123, vstest.console.dll, MulticastDelegateUtilities.SafeInvoke: InternalTestLoggerEvents.SendTestResult: Invoking callback 1/1 for Microsoft.VisualStudio.TestPlatform.CommandLine.Internal.ConsoleLogger., took 0 ms.
TpTrace Verbose: 0 : 24720, 4, 2024/11/04, 12:22:26.489, 6769499399405, vstest.console.dll, MulticastDelegateUtilities.SafeInvoke: InternalTestLoggerEvents.SendTestResult: Invoking callback 1/1 for Microsoft.VisualStudio.TestPlatform.CommandLine.Internal.ConsoleLogger., took 0 ms.
TpTrace Verbose: 0 : 24720, 13, 2024/11/04, 12:22:26.502, 6769499536864, vstest.console.dll, TcpClientExtensions.MessageLoopAsync: NotifyDataAvailable remoteEndPoint: 127.0.0.1:2565 localEndPoint: 127.0.0.1:2564
TpTrace Verbose: 0 : 24720, 13, 2024/11/04, 12:22:26.503, 6769499538331, vstest.console.dll, TestRequestSender.OnExecutionMessageReceived: Received message: {"Version":7,"MessageType":"TestSession.Message","Payload":{"MessageLevel":0,"Message":"[xUnit.net 00:00:00.29]   Finished:    TestProject"}}
TpTrace Verbose: 0 : 24720, 13, 2024/11/04, 12:22:26.503, 6769499539329, vstest.console.dll, TestRunRequest:SendTestRunMessage: Starting.
TpTrace Verbose: 0 : 24720, 13, 2024/11/04, 12:22:26.503, 6769499539761, vstest.console.dll, MulticastDelegateUtilities.SafeInvoke: TestRun.LogMessages: Invoking callback 1/1 for Microsoft.VisualStudio.TestPlatform.CommandLine.TestRunResultAggregator., took 0 ms.
TpTrace Information: 0 : 24720, 13, 2024/11/04, 12:22:26.503, 6769499539962, vstest.console.dll, TestRunRequest:SendTestRunMessage: Completed.
TpTrace Verbose: 0 : 24720, 13, 2024/11/04, 12:22:26.503, 6769499540185, vstest.console.dll, MulticastDelegateUtilities.SafeInvoke: LengthPrefixCommunicationChannel: MessageReceived: Invoking callback 1/1 for Microsoft.VisualStudio.TestPlatform.CommunicationUtilities.TestRequestSender+<>c__DisplayClass34_0., took 0 ms.
TpTrace Verbose: 0 : 24720, 13, 2024/11/04, 12:22:26.503, 6769499540455, vstest.console.dll, TcpClientExtensions.MessageLoopAsync: Polling on remoteEndPoint: 127.0.0.1:2565 localEndPoint: 127.0.0.1:2564 after 14 ms
TpTrace Verbose: 0 : 24720, 4, 2024/11/04, 12:22:26.503, 6769499540990, vstest.console.dll, MulticastDelegateUtilities.SafeInvoke: InternalTestLoggerEvents.SendTestRunMessage: Invoking callback 1/1 for Microsoft.VisualStudio.TestPlatform.CommandLine.Internal.ConsoleLogger., took 0 ms.
TpTrace Verbose: 0 : 24720, 13, 2024/11/04, 12:22:26.513, 6769499646539, vstest.console.dll, TcpClientExtensions.MessageLoopAsync: NotifyDataAvailable remoteEndPoint: 127.0.0.1:2565 localEndPoint: 127.0.0.1:2564
TpTrace Verbose: 0 : 24720, 13, 2024/11/04, 12:22:26.514, 6769499648830, vstest.console.dll, TestRequestSender.OnExecutionMessageReceived: Received message: {"Version":7,"MessageType":"TestExecution.Completed","Payload":{"TestRunCompleteArgs":{"TestRunStatistics":{"ExecutedTests":33,"Stats":{"Passed":33}},"IsCanceled":false,"IsAborted":false,"Error":null,"AttachmentSets":[],"InvokedDataCollectors":[],"ElapsedTimeInRunningTests":"00:00:00.3050642","Metrics":{},"DiscoveredExtensions":{"TestDiscoverers":["Xunit.Runner.VisualStudio.VsTestRunner, xunit.runner.visualstudio.dotnetcore.testadapter, Version=2.5.0.0, Culture=neutral, PublicKeyToken=null"],"TestExecutors":["executor://xunit/VsTestRunner2/netcoreapp"],"TestExecutors2":[],"TestSettingsProviders":[]}},"LastRunTests":{"NewTestResults":[{"TestCase":{"Id":"0f1f75d5-13a9-3c7b-5665-47cbd13fb5d8","FullyQualifiedName":"GameObjectTests.UpdateDirection_ChangesDirectionCorrectly","DisplayName":"GameObjectTests.UpdateDirection_ChangesDirectionCorrectly(direction: Left)","ExecutorUri":"executor://xunit/VsTestRunner2/netcoreapp","Source":"C:\\Users\\karol\\Desktop\\KTU\\4 kursas\\pacmen\\TestProject\\bin\\Debug\\net8.0\\fine-code-coverage\\build-output\\TestProject.dll","CodeFilePath":null,"LineNumber":0,"Properties":[]},"Attachments":[],"Outcome":1,"ErrorMessage":null,"ErrorStackTrace":null,"DisplayName":"GameObjectTests.UpdateDirection_ChangesDirectionCorrectly(direction: Left)","Messages":[],"ComputerName":"KAROLINA","Duration":"00:00:00.0000164","StartTime":"2024-11-04T10:22:26.4888912+00:00","EndTime":"2024-11-04T10:22:26.4888913+00:00","Properties":[]},{"TestCase":{"Id":"7831460e-8def-efd4-b126-53d71daef02d","FullyQualifiedName":"GameObjectTests.GetCurrentLocation_ReturnsCorrectLocation","DisplayName":"GameObjectTests.GetCurrentLocation_ReturnsCorrectLocation","ExecutorUri":"executor://xunit/VsTestRunner2/netcoreapp","Source":"C:\\Users\\karol\\Desktop\\KTU\\4 kursas\\pacmen\\TestProject\\bin\\Debug\\net8.0\\fine-code-coverage\\build-output\\TestProject.dll","CodeFilePath":null,"LineNumber":0,"Properties":[]},"Attachments":[],"Outcome":1,"ErrorMessage":null,"ErrorStackTrace":null,"DisplayName":"GameObjectTests.GetCurrentLocation_ReturnsCorrectLocation","Messages":[],"ComputerName":"KAROLINA","Duration":"00:00:00.0017251","StartTime":"2024-11-04T10:22:26.492096+00:00","EndTime":"2024-11-04T10:22:26.4920961+00:00","Properties":[]},{"TestCase":{"Id":"979ff914-b4b2-2d5a-6be7-2a4ebeb2651c","FullyQualifiedName":"GameServiceTests.SetGameMap_SetsGameMapCorrectly","DisplayName":"GameServiceTests.SetGameMap_SetsGameMapCorrectly","ExecutorUri":"executor://xunit/VsTestRunner2/netcoreapp","Source":"C:\\Users\\karol\\Desktop\\KTU\\4 kursas\\pacmen\\TestProject\\bin\\Debug\\net8.0\\fine-code-coverage\\build-output\\TestProject.dll","CodeFilePath":null,"LineNumber":0,"Properties":[]},"Attachments":[],"Outcome":1,"ErrorMessage":null,"ErrorStackTrace":null,"DisplayName":"GameServiceTests.SetGameMap_SetsGameMapCorrectly","Messages":[],"ComputerName":"KAROLINA","Duration":"00:00:00.0475695","StartTime":"2024-11-04T10:22:26.4937472+00:00","EndTime":"2024-11-04T10:22:26.4937473+00:00","Properties":[]},{"TestCase":{"Id":"9883e32d-010e-7230-b3ce-e2d0355cba6b","FullyQualifiedName":"GameLoopTests.Start_SetsUpGameCorrectly","DisplayName":"GameLoopTests.Start_SetsUpGameCorrectly","ExecutorUri":"executor://xunit/VsTestRunner2/netcoreapp","Source":"C:\\Users\\karol\\Desktop\\KTU\\4 kursas\\pacmen\\TestProject\\bin\\Debug\\net8.0\\fine-code-coverage\\build-output\\TestProject.dll","CodeFilePath":null,"LineNumber":0,"Properties":[]},"Attachments":[],"Outcome":1,"ErrorMessage":null,"ErrorStackTrace":null,"DisplayName":"GameLoopTests.Start_SetsUpGameCorrectly","Messages":[],"ComputerName":"KAROLINA","Duration":"00:00:00.0620408","StartTime":"2024-11-04T10:22:26.4954044+00:00","EndTime":"2024-11-04T10:22:26.4954044+00:00","Properties":[]},{"TestCase":{"Id":"5084f05a-7dfc-fae9-f1c8-86549599f933","FullyQualifiedName":"GameLoopTests.RestartLoop_ResetsGameState","DisplayName":"GameLoopTests.RestartLoop_ResetsGameState","ExecutorUri":"executor://xunit/VsTestRunner2/netcoreapp","Source":"C:\\Users\\karol\\Desktop\\KTU\\4 kursas\\pacmen\\TestProject\\bin\\Debug\\net8.0\\fine-code-coverage\\build-output\\TestProject.dll","CodeFilePath":null,"LineNumber":0,"Properties":[]},"Attachments":[],"Outcome":1,"ErrorMessage":null,"ErrorStackTrace":null,"DisplayName":"GameLoopTests.RestartLoop_ResetsGameState","Messages":[],"ComputerName":"KAROLINA","Duration":"00:00:00.0085034","StartTime":"2024-11-04T10:22:26.4984812+00:00","EndTime":"2024-11-04T10:22:26.4984813+00:00","Properties":[]},{"TestCase":{"Id":"2ff305c7-6f9f-9488-c115-d838531f519d","FullyQualifiedName":"GameHubTests.ReceivedDirection_ValidMovement_CallsStorePlayerInput","DisplayName":"GameHubTests.ReceivedDirection_ValidMovement_CallsStorePlayerInput","ExecutorUri":"executor://xunit/VsTestRunner2/netcoreapp","Source":"C:\\Users\\karol\\Desktop\\KTU\\4 kursas\\pacmen\\TestProject\\bin\\Debug\\net8.0\\fine-code-coverage\\build-output\\TestProject.dll","CodeFilePath":null,"LineNumber":0,"Properties":[]},"Attachments":[],"Outcome":1,"ErrorMessage":null,"ErrorStackTrace":null,"DisplayName":"GameHubTests.ReceivedDirection_ValidMovement_CallsStorePlayerInput","Messages":[],"ComputerName":"KAROLINA","Duration":"00:00:00.0781524","StartTime":"2024-11-04T10:22:26.4999419+00:00","EndTime":"2024-11-04T10:22:26.499942+00:00","Properties":[]}],"TestRunStatistics":{"ExecutedTests":33,"Stats":{"Passed":33}},"ActiveTests":[]},"RunAttachments":[],"ExecutorUris":["executor://xunit/VsTestRunner2/netcoreapp"]}}
TpTrace Verbose: 0 : 24720, 13, 2024/11/04, 12:22:26.514, 6769499650675, vstest.console.dll, TestRequestSender.EndSession: Sending end session.
TpTrace Verbose: 0 : 24720, 13, 2024/11/04, 12:22:26.514, 6769499652687, vstest.console.dll, ProxyOperationManager.Close: waiting for test host to exit for 100 ms
TpTrace Verbose: 0 : 24720, 7, 2024/11/04, 12:22:26.532, 6769499831164, vstest.console.dll, TestHostManagerCallbacks.StandardOutputReceivedCallback Test host standard output line: 
TpTrace Warning: 0 : 24720, 12, 2024/11/04, 12:22:26.532, 6769499831988, vstest.console.dll, TestHostManagerCallbacks.ErrorReceivedCallback Test host standard error line: 
TpTrace Verbose: 0 : 24720, 12, 2024/11/04, 12:22:26.539, 6769499905766, vstest.console.dll, TestHostProvider.ExitCallBack: Host exited starting callback.
TpTrace Information: 0 : 24720, 12, 2024/11/04, 12:22:26.539, 6769499907233, vstest.console.dll, TestHostManagerCallbacks.ExitCallBack: Testhost processId: 16860 exited with exitcode: 0 error: ''
TpTrace Verbose: 0 : 24720, 12, 2024/11/04, 12:22:26.539, 6769499907505, vstest.console.dll, DotnetTestHostManager.OnHostExited: invoking OnHostExited callback
TpTrace Verbose: 0 : 24720, 12, 2024/11/04, 12:22:26.539, 6769499907975, vstest.console.dll, CrossPlatEngine.TestHostManagerHostExited: calling on client process exit callback.
TpTrace Information: 0 : 24720, 12, 2024/11/04, 12:22:26.540, 6769499908366, vstest.console.dll, TestRequestSender.OnClientProcessExit: Test host process exited. Standard error: 
TpTrace Information: 0 : 24720, 12, 2024/11/04, 12:22:26.540, 6769499908716, vstest.console.dll, SocketServer.Stop: Stop server endPoint: 127.0.0.1:2564
TpTrace Information: 0 : 24720, 12, 2024/11/04, 12:22:26.540, 6769499908958, vstest.console.dll, SocketServer.Stop: Cancellation requested. Stopping message loop.
TpTrace Verbose: 0 : 24720, 12, 2024/11/04, 12:22:26.540, 6769499909790, vstest.console.dll, MulticastDelegateUtilities.SafeInvoke: HostProviderEvents.OnHostExited: Invoking callback 1/1 for Microsoft.VisualStudio.TestPlatform.CrossPlatEngine.Client.ProxyOperationManager., took 0 ms.
TpTrace Information: 0 : 24720, 13, 2024/11/04, 12:22:26.540, 6769499909725, vstest.console.dll, SocketServer.Stop: Stop server endPoint: 127.0.0.1:2564
TpTrace Information: 0 : 24720, 13, 2024/11/04, 12:22:26.540, 6769499911669, vstest.console.dll, SocketServer.Stop: Cancellation requested. Stopping message loop.
TpTrace Information: 0 : 24720, 13, 2024/11/04, 12:22:26.540, 6769499912082, vstest.console.dll, Closing the connection
TpTrace Verbose: 0 : 24720, 13, 2024/11/04, 12:22:26.540, 6769499913943, vstest.console.dll, ProxyDataCollectionManager.InvokeDataCollectionServiceAction: Starting.
TpTrace Information: 0 : 24720, 13, 2024/11/04, 12:22:26.540, 6769499914382, vstest.console.dll, ProxyDataCollectionManager.AfterTestRunEnd: Get attachment set and invoked data collectors processId: 11688 port: 2561
TpTrace Verbose: 0 : 24720, 13, 2024/11/04, 12:22:26.540, 6769499914707, vstest.console.dll, DataCollectionRequestSender.SendAfterTestRunStartAndGetResult: Send AfterTestRunEnd message with isCancelled: False
TpTrace Verbose: 0 : 24720, 13, 2024/11/04, 12:22:26.545, 6769499965543, vstest.console.dll, DataCollectionRequestSender.SendAfterTestRunStartAndGetResult: Received message: (DataCollection.AfterTestRunEndResult) -> {"MessageType":"DataCollection.AfterTestRunEndResult","Payload":{"AttachmentSets":[],"InvokedDataCollectors":[{"Uri":"datacollector://Microsoft/TestPlatform/Extensions/Blame/v1","FriendlyName":"Blame","AssemblyQualifiedName":"Microsoft.TestPlatform.Extensions.BlameDataCollector.BlameCollector, Microsoft.TestPlatform.Extensions.BlameDataCollector, Version=15.0.0.0, Culture=neutral, PublicKeyToken=b03f5f7f11d50a3a","FilePath":"C:\\Program Files\\dotnet\\sdk\\8.0.400\\Extensions\\Microsoft.TestPlatform.Extensions.BlameDataCollector.dll","HasAttachmentProcessor":false}],"Metrics":{}}}
TpTrace Warning: 0 : 24720, 10, 2024/11/04, 12:22:26.549, 6769500006410, vstest.console.dll, DataCollectionLauncher.ErrorReceivedCallback datacollector standard error line: 
TpTrace Information: 0 : 24720, 13, 2024/11/04, 12:22:26.550, 6769500014872, vstest.console.dll, ProxyDataCollectionManager.InvokeDataCollectionServiceAction: Completed.
TpTrace Information: 0 : 24720, 10, 2024/11/04, 12:22:26.555, 6769500066128, vstest.console.dll, DataCollectionLauncher.ExitCallBack: Data collector exited with exitcode: 0 error: ''
TpTrace Verbose: 0 : 24720, 13, 2024/11/04, 12:22:26.579, 6769500300519, vstest.console.dll, TestRunRequest:SendTestRunStatsChange: Starting.
TpTrace Verbose: 0 : 24720, 13, 2024/11/04, 12:22:26.579, 6769500301831, vstest.console.dll, MulticastDelegateUtilities.SafeInvoke: TestRun.RunStatsChanged: Invoking callbacks was skipped because there are no subscribers.
TpTrace Information: 0 : 24720, 13, 2024/11/04, 12:22:26.579, 6769500302100, vstest.console.dll, TestRunRequest:SendTestRunStatsChange: Completed.
TpTrace Verbose: 0 : 24720, 4, 2024/11/04, 12:22:26.579, 6769500303747, vstest.console.dll, MulticastDelegateUtilities.SafeInvoke: InternalTestLoggerEvents.SendTestResult: Invoking callback 1/1 for Microsoft.VisualStudio.TestPlatform.CommandLine.Internal.ConsoleLogger., took 0 ms.
TpTrace Verbose: 0 : 24720, 13, 2024/11/04, 12:22:26.579, 6769500304760, vstest.console.dll, ParallelProxyExecutionManager: HandlePartialRunComplete: Total workloads = 1, Total started clients = 1 Total completed clients = 1, Run complete = True, Run canceled: False.
TpTrace Verbose: 0 : 24720, 13, 2024/11/04, 12:22:26.579, 6769500306173, vstest.console.dll, ParallelProxyExecutionManager: HandlePartialRunComplete: All runs completed stopping all managers.
TpTrace Verbose: 0 : 24720, 13, 2024/11/04, 12:22:26.579, 6769500306497, vstest.console.dll, ParallelOperationManager.StopAllManagers: Stopping all managers.
TpTrace Verbose: 0 : 24720, 13, 2024/11/04, 12:22:26.579, 6769500306702, vstest.console.dll, ParallelOperationManager.ClearSlots: Clearing all slots. Slots should accept more work: False
TpTrace Verbose: 0 : 24720, 13, 2024/11/04, 12:22:26.579, 6769500307513, vstest.console.dll, ParallelOperationManager.SetOccupiedSlotCount: Setting slot counts AvailableSlotCount = 1, OccupiedSlotCount = 0.
TpTrace Verbose: 0 : 24720, 13, 2024/11/04, 12:22:26.579, 6769500307796, vstest.console.dll, Occupied slots:

TpTrace Verbose: 0 : 24720, 4, 2024/11/04, 12:22:26.581, 6769500323602, vstest.console.dll, MulticastDelegateUtilities.SafeInvoke: InternalTestLoggerEvents.SendTestResult: Invoking callback 1/1 for Microsoft.VisualStudio.TestPlatform.CommandLine.Internal.ConsoleLogger., took 1 ms.
TpTrace Verbose: 0 : 24720, 4, 2024/11/04, 12:22:26.581, 6769500324582, vstest.console.dll, MulticastDelegateUtilities.SafeInvoke: InternalTestLoggerEvents.SendTestResult: Invoking callback 1/1 for Microsoft.VisualStudio.TestPlatform.CommandLine.Internal.ConsoleLogger., took 0 ms.
TpTrace Verbose: 0 : 24720, 4, 2024/11/04, 12:22:26.581, 6769500324928, vstest.console.dll, MulticastDelegateUtilities.SafeInvoke: InternalTestLoggerEvents.SendTestResult: Invoking callback 1/1 for Microsoft.VisualStudio.TestPlatform.CommandLine.Internal.ConsoleLogger., took 0 ms.
TpTrace Verbose: 0 : 24720, 4, 2024/11/04, 12:22:26.581, 6769500325242, vstest.console.dll, MulticastDelegateUtilities.SafeInvoke: InternalTestLoggerEvents.SendTestResult: Invoking callback 1/1 for Microsoft.VisualStudio.TestPlatform.CommandLine.Internal.ConsoleLogger., took 0 ms.
TpTrace Verbose: 0 : 24720, 4, 2024/11/04, 12:22:26.581, 6769500325535, vstest.console.dll, MulticastDelegateUtilities.SafeInvoke: InternalTestLoggerEvents.SendTestResult: Invoking callback 1/1 for Microsoft.VisualStudio.TestPlatform.CommandLine.Internal.ConsoleLogger., took 0 ms.
TpTrace Verbose: 0 : 24720, 4, 2024/11/04, 12:22:26.587, 6769500386334, vstest.console.dll, MulticastDelegateUtilities.SafeInvoke: InternalTestLoggerEvents.SendTestRunComplete: Invoking callback 1/2 for Microsoft.TestPlatform.Extensions.BlameDataCollector.BlameLogger., took 0 ms.
TpTrace Verbose: 0 : 24720, 4, 2024/11/04, 12:22:26.592, 6769500435507, vstest.console.dll, MulticastDelegateUtilities.SafeInvoke: InternalTestLoggerEvents.SendTestRunComplete: Invoking callback 2/2 for Microsoft.VisualStudio.TestPlatform.CommandLine.Internal.ConsoleLogger., took 4 ms.
TpTrace Verbose: 0 : 24720, 13, 2024/11/04, 12:22:26.593, 6769500439895, vstest.console.dll, TestRunRequest:TestRunComplete: Starting. IsAborted:False IsCanceled:False.
TpTrace Verbose: 0 : 24720, 13, 2024/11/04, 12:22:26.593, 6769500441782, vstest.console.dll, ParallelOperationManager.DoActionOnAllManagers: Calling an action on all managers.
TpTrace Verbose: 0 : 24720, 13, 2024/11/04, 12:22:26.599, 6769500503383, vstest.console.dll, TestLoggerManager.HandleTestRunComplete: Ignoring as the object is disposed.
TpTrace Verbose: 0 : 24720, 13, 2024/11/04, 12:22:26.599, 6769500506158, vstest.console.dll, MulticastDelegateUtilities.SafeInvoke: TestRun.TestRunComplete: Invoking callback 1/2 for Microsoft.VisualStudio.TestPlatform.CommandLine.TestRunResultAggregator., took 0 ms.
TpTrace Verbose: 0 : 24720, 13, 2024/11/04, 12:22:26.599, 6769500507066, vstest.console.dll, MulticastDelegateUtilities.SafeInvoke: TestRun.TestRunComplete: Invoking callback 2/2 for Microsoft.VisualStudio.TestPlatform.CommandLine.Processors.RunTestsArgumentExecutor+TestRunRequestEventsRegistrar., took 0 ms.
TpTrace Information: 0 : 24720, 13, 2024/11/04, 12:22:26.599, 6769500507890, vstest.console.dll, TestRunRequest:TestRunComplete: Completed.
TpTrace Verbose: 0 : 24720, 13, 2024/11/04, 12:22:26.600, 6769500508174, vstest.console.dll, TestRequestSender.SetOperationComplete: Setting operation complete.
TpTrace Information: 0 : 24720, 13, 2024/11/04, 12:22:26.600, 6769500508354, vstest.console.dll, SocketServer.Stop: Stop server endPoint: 127.0.0.1:2564
TpTrace Information: 0 : 24720, 13, 2024/11/04, 12:22:26.600, 6769500508518, vstest.console.dll, SocketServer.Stop: Cancellation requested. Stopping message loop.
TpTrace Verbose: 0 : 24720, 13, 2024/11/04, 12:22:26.600, 6769500508732, vstest.console.dll, MulticastDelegateUtilities.SafeInvoke: LengthPrefixCommunicationChannel: MessageReceived: Invoking callback 1/1 for Microsoft.VisualStudio.TestPlatform.CommunicationUtilities.TestRequestSender+<>c__DisplayClass34_0., took 86 ms.
TpTrace Information: 0 : 24720, 13, 2024/11/04, 12:22:26.600, 6769500509538, vstest.console.dll, SocketServer.PrivateStop: Stopping server endPoint: 127.0.0.1:2564 error: 
TpTrace Verbose: 0 : 24720, 1, 2024/11/04, 12:22:26.600, 6769500509386, vstest.console.dll, TestRunRequest.Dispose: Starting.
TpTrace Information: 0 : 24720, 1, 2024/11/04, 12:22:26.600, 6769500511271, vstest.console.dll, TestRunRequest.Dispose: Completed.
TpTrace Information: 0 : 24720, 1, 2024/11/04, 12:22:26.600, 6769500512039, vstest.console.dll, TestRequestManager.RunTests: run tests completed.
TpTrace Verbose: 0 : 24720, 13, 2024/11/04, 12:22:26.600, 6769500513080, vstest.console.dll, LengthPrefixCommunicationChannel.Dispose: Dispose reader and writer.
TpTrace Information: 0 : 24720, 1, 2024/11/04, 12:22:26.600, 6769500513360, vstest.console.dll, RunTestsArgumentProcessor:Execute: Test run is completed.
TpTrace Information: 0 : 24720, 13, 2024/11/04, 12:22:26.600, 6769500513742, vstest.console.dll, SocketServer.Stop: Raise disconnected event endPoint: 127.0.0.1:2564 error: 
TpTrace Verbose: 0 : 24720, 13, 2024/11/04, 12:22:26.600, 6769500516567, vstest.console.dll, TestRequestSender: OnTestRunAbort: Operation is already complete. Skip error message.
TpTrace Verbose: 0 : 24720, 1, 2024/11/04, 12:22:26.600, 6769500516723, vstest.console.dll, Executor.Execute: Exiting with exit code of 0
TpTrace Verbose: 0 : 24720, 13, 2024/11/04, 12:22:26.600, 6769500517308, vstest.console.dll, MulticastDelegateUtilities.SafeInvoke: SocketServer: ClientDisconnected: Invoking callback 1/1 for Microsoft.VisualStudio.TestPlatform.CommunicationUtilities.TestRequestSender., took 0 ms.
TpTrace Verbose: 0 : 24720, 13, 2024/11/04, 12:22:26.601, 6769500518680, vstest.console.dll, TcpClientExtensions.MessageLoopAsync: exiting MessageLoopAsync remoteEndPoint: 127.0.0.1:2565 localEndPoint: 127.0.0.1:2564
